Using pre-set license
Built from '6000.0/staging' branch; Version is '6000.0.47f1 (2ad1ed33fd3b) revision 2806253'; Using compiler version '193933523'; Build Type 'Release'
OS: 'Windows 11  (10.0.22631) 64bit Professional' Language: 'ru' Physical Memory: 32365 MB
BatchMode: 1, IsHumanControllingUs: 0, StartBugReporterOnCrash: 0, Is64bit: 1, IsPro: 1

COMMAND LINE ARGUMENTS:
C:\Program Files\Unity\Hub\Editor\6000.0.47f1\Editor\Unity.exe
-adb2
-batchMode
-noUpm
-name
AssetImportWorker3
-projectPath
C:/Users/Deard51/Desktop/NewGame/Game
-logFile
Logs/AssetImportWorker3.log
-srvPort
52928
-job-worker-count
10
-background-job-worker-count
8
-gc-helper-count
1
Successfully changed project path to: C:/Users/Deard51/Desktop/NewGame/Game
C:/Users/Deard51/Desktop/NewGame/Game
[UnityMemory] Configuration Parameters - Can be set up in boot.config
    "memorysetup-bucket-allocator-granularity=16"
    "memorysetup-bucket-allocator-bucket-count=8"
    "memorysetup-bucket-allocator-block-size=33554432"
    "memorysetup-bucket-allocator-block-count=8"
    "memorysetup-main-allocator-block-size=16777216"
    "memorysetup-thread-allocator-block-size=16777216"
    "memorysetup-gfx-main-allocator-block-size=16777216"
    "memorysetup-gfx-thread-allocator-block-size=16777216"
    "memorysetup-cache-allocator-block-size=4194304"
    "memorysetup-typetree-allocator-block-size=2097152"
    "memorysetup-profiler-bucket-allocator-granularity=16"
    "memorysetup-profiler-bucket-allocator-bucket-count=8"
    "memorysetup-profiler-bucket-allocator-block-size=33554432"
    "memorysetup-profiler-bucket-allocator-block-count=8"
    "memorysetup-profiler-allocator-block-size=16777216"
    "memorysetup-profiler-editor-allocator-block-size=1048576"
    "memorysetup-temp-allocator-size-main=16777216"
    "memorysetup-job-temp-allocator-block-size=2097152"
    "memorysetup-job-temp-allocator-block-size-background=1048576"
    "memorysetup-job-temp-allocator-reduction-small-platforms=262144"
    "memorysetup-allocator-temp-initial-block-size-main=262144"
    "memorysetup-allocator-temp-initial-block-size-worker=262144"
    "memorysetup-temp-allocator-size-background-worker=32768"
    "memorysetup-temp-allocator-size-job-worker=262144"
    "memorysetup-temp-allocator-size-preload-manager=33554432"
    "memorysetup-temp-allocator-size-nav-mesh-worker=65536"
    "memorysetup-temp-allocator-size-audio-worker=65536"
    "memorysetup-temp-allocator-size-cloud-worker=32768"
    "memorysetup-temp-allocator-size-gi-baking-worker=262144"
    "memorysetup-temp-allocator-size-gi-baking-worker=262144"
    "memorysetup-temp-allocator-size-gi-baking-worker=262144"
    "memorysetup-temp-allocator-size-gi-baking-worker=262144"
    "memorysetup-temp-allocator-size-gi-baking-worker=262144"
    "memorysetup-temp-allocator-size-gfx=262144"
Player connection [86032]  Target information:

Player connection [86032]  * "[IP] 172.19.0.1 [Port] 0 [Flags] 2 [Guid] 2654787325 [EditorId] 2654787325 [Version] 1048832 [Id] WindowsEditor(7,DESKTOP-PP60NSI) [Debug] 1 [PackageName] WindowsEditor [ProjectName] Editor" 

Player connection [86032]  * "[IP] 192.168.0.102 [Port] 0 [Flags] 2 [Guid] 2654787325 [EditorId] 2654787325 [Version] 1048832 [Id] WindowsEditor(7,DESKTOP-PP60NSI) [Debug] 1 [PackageName] WindowsEditor [ProjectName] Editor" 

Player connection [86032] Host joined multi-casting on [225.0.0.222:54997]...
Player connection [86032] Host joined alternative multi-casting on [225.0.0.222:34997]...
JobSystem: Creating JobQueue using job-worker-count value 10
Input System module state changed to: Initialized.
[Physics::Module] Initialized fallback backend.
[Physics::Module] Id: 0xdecafbad
Library Redirect Path: Library/
[Physics::Module] Selected backend.
[Physics::Module] Name: PhysX
[Physics::Module] Id: 0xf2b8ea05
[Physics::Module] SDK Version: 4.1.2
[Physics::Module] Integration Version: 1.0.0
[Physics::Module] Threading Mode: Multi-Threaded
Refreshing native plugins compatible for Editor in 2.22 ms, found 4 plugins.
Preloading 0 native plugins for Editor in 0.00 ms.
Initialize engine version: 6000.0.47f1 (2ad1ed33fd3b)
[Subsystems] Discovering subsystems at path C:/Program Files/Unity/Hub/Editor/6000.0.47f1/Editor/Data/Resources/UnitySubsystems
[Subsystems] Discovering subsystems at path C:/Users/Deard51/Desktop/NewGame/Game/Assets
GfxDevice: creating device client; kGfxThreadingModeNonThreaded
Direct3D:
    Version:  Direct3D 11.0 [level 11.1]
    Renderer: Intel(R) Arc(TM) Graphics (ID=0x7d55)
    Vendor:   Intel
    VRAM:     16182 MB
    Driver:   31.0.101.5382
Initialize mono
Mono path[0] = 'C:/Program Files/Unity/Hub/Editor/6000.0.47f1/Editor/Data/Managed'
Mono path[1] = 'C:/Program Files/Unity/Hub/Editor/6000.0.47f1/Editor/Data/MonoBleedingEdge/lib/mono/unityjit-win32'
Mono config path = 'C:/Program Files/Unity/Hub/Editor/6000.0.47f1/Editor/Data/MonoBleedingEdge/etc'
Using monoOptions --debugger-agent=transport=dt_socket,embedding=1,server=y,suspend=n,address=127.0.0.1:56716
Begin MonoManager ReloadAssembly
Registering precompiled unity dll's ...
Register platform support module: C:/Program Files/Unity/Hub/Editor/6000.0.47f1/Editor/Data/PlaybackEngines/WindowsStandaloneSupport/UnityEditor.WindowsStandalone.Extensions.dll
Registered in 0.001462 seconds.
- Loaded All Assemblies, in  0.359 seconds
Native extension for WindowsStandalone target not found
Mono: successfully reloaded assembly
- Finished resetting the current domain, in  0.362 seconds
Domain Reload Profiling: 720ms
	BeginReloadAssembly (134ms)
		ExecutionOrderSort (0ms)
		DisableScriptedObjects (0ms)
		BackupInstance (0ms)
		ReleaseScriptingObjects (0ms)
		CreateAndSetChildDomain (1ms)
	RebuildCommonClasses (37ms)
	RebuildNativeTypeToScriptingClass (9ms)
	initialDomainReloadingComplete (38ms)
	LoadAllAssembliesAndSetupDomain (139ms)
		LoadAssemblies (130ms)
		RebuildTransferFunctionScriptingTraits (0ms)
		AnalyzeDomain (136ms)
			TypeCache.Refresh (135ms)
				TypeCache.ScanAssembly (123ms)
			BuildScriptInfoCaches (0ms)
			ResolveRequiredComponents (0ms)
	FinalizeReload (362ms)
		ReleaseScriptCaches (0ms)
		RebuildScriptCaches (0ms)
		SetupLoadedEditorAssemblies (323ms)
			LogAssemblyErrors (0ms)
			InitializePlatformSupportModulesInManaged (19ms)
			SetLoadedEditorAssemblies (4ms)
			BeforeProcessingInitializeOnLoad (64ms)
			ProcessInitializeOnLoadAttributes (190ms)
			ProcessInitializeOnLoadMethodAttributes (47ms)
			AfterProcessingInitializeOnLoad (0ms)
			EditorAssembliesLoaded (0ms)
		ExecutionOrderSort2 (0ms)
		AwakeInstancesAfterBackupRestoration (0ms)
========================================================================
Worker process is ready to serve import requests
Import Worker Mode flag is 0x00
Begin MonoManager ReloadAssembly
- Loaded All Assemblies, in  0.822 seconds
Refreshing native plugins compatible for Editor in 0.92 ms, found 4 plugins.
Native extension for WindowsStandalone target not found
Mono: successfully reloaded assembly
- Finished resetting the current domain, in  0.846 seconds
Domain Reload Profiling: 1666ms
	BeginReloadAssembly (170ms)
		ExecutionOrderSort (0ms)
		DisableScriptedObjects (6ms)
		BackupInstance (0ms)
		ReleaseScriptingObjects (0ms)
		CreateAndSetChildDomain (29ms)
	RebuildCommonClasses (30ms)
	RebuildNativeTypeToScriptingClass (9ms)
	initialDomainReloadingComplete (33ms)
	LoadAllAssembliesAndSetupDomain (578ms)
		LoadAssemblies (377ms)
		RebuildTransferFunctionScriptingTraits (0ms)
		AnalyzeDomain (302ms)
			TypeCache.Refresh (198ms)
				TypeCache.ScanAssembly (179ms)
			BuildScriptInfoCaches (84ms)
			ResolveRequiredComponents (15ms)
	FinalizeReload (847ms)
		ReleaseScriptCaches (0ms)
		RebuildScriptCaches (0ms)
		SetupLoadedEditorAssemblies (676ms)
			LogAssemblyErrors (0ms)
			InitializePlatformSupportModulesInManaged (2ms)
			SetLoadedEditorAssemblies (3ms)
			BeforeProcessingInitializeOnLoad (122ms)
			ProcessInitializeOnLoadAttributes (399ms)
			ProcessInitializeOnLoadMethodAttributes (145ms)
			AfterProcessingInitializeOnLoad (5ms)
			EditorAssembliesLoaded (0ms)
		ExecutionOrderSort2 (0ms)
		AwakeInstancesAfterBackupRestoration (6ms)
Launched and connected shader compiler UnityShaderCompiler.exe after 0.01 seconds
Refreshing native plugins compatible for Editor in 1.94 ms, found 4 plugins.
Preloading 0 native plugins for Editor in 0.00 ms.
Unloading 220 Unused Serialized files (Serialized files now loaded: 0)
Unloading 6717 unused Assets / (5.3 MB). Loaded Objects now: 7402.
Memory consumption went from 192.8 MB to 187.5 MB.
Total: 8.269000 ms (FindLiveObjects: 0.669100 ms CreateObjectMapping: 0.365100 ms MarkObjects: 4.347000 ms  DeleteObjects: 2.885900 ms)

========================================================================
Received Import Request.
  Time since last request: 5779638.169344 seconds.
  path: Assets/2D Enviroment Starter Pack/Base/Grass Corner_7.asset
  artifactKey: Guid(48d14569d2a8cc6469cf94901c2737ad) Importer(815301076,1909f56bfc062723c751e8b465ee728b)
Start importing Assets/2D Enviroment Starter Pack/Base/Grass Corner_7.asset using Guid(48d14569d2a8cc6469cf94901c2737ad) Importer(815301076,1909f56bfc062723c751e8b465ee728b) (PreviewImporter) -> (artifact id: '85f48576af6779adca53439d3f4e36ec') in 0.0860066 seconds
Number of updated asset objects reloaded before import = 0Number of asset objects unloaded after import = 3

========================================================================
Received Import Request.
  Time since last request: 0.000033 seconds.
  path: Assets/2D Enviroment Starter Pack/Base/Ice Water_1.asset
  artifactKey: Guid(19353d11e0dfcc6468f1c7bfc360c83b) Importer(815301076,1909f56bfc062723c751e8b465ee728b)
Start importing Assets/2D Enviroment Starter Pack/Base/Ice Water_1.asset using Guid(19353d11e0dfcc6468f1c7bfc360c83b) Importer(815301076,1909f56bfc062723c751e8b465ee728b) (PreviewImporter) -> (artifact id: 'd824350274dd66981fe20b322dc9a529') in 0.0122894 seconds
Number of updated asset objects reloaded before import = 0Number of asset objects unloaded after import = 3

========================================================================
Received Import Request.
  Time since last request: 0.000018 seconds.
  path: Assets/2D Enviroment Starter Pack/Base/Snow Edges_1.asset
  artifactKey: Guid(99163b4a453392148814755ea8d56feb) Importer(815301076,1909f56bfc062723c751e8b465ee728b)
Start importing Assets/2D Enviroment Starter Pack/Base/Snow Edges_1.asset using Guid(99163b4a453392148814755ea8d56feb) Importer(815301076,1909f56bfc062723c751e8b465ee728b) (PreviewImporter) -> (artifact id: '26ea07e015b6ea27f965d17a3272e7fd') in 0.0054273 seconds
Number of updated asset objects reloaded before import = 0Number of asset objects unloaded after import = 3

========================================================================
Received Import Request.
  Time since last request: 0.000017 seconds.
  path: Assets/2D Enviroment Starter Pack/Base/Desert Verticle_1.asset
  artifactKey: Guid(35a9c42fb0c1d09428f793e5c7750f25) Importer(815301076,1909f56bfc062723c751e8b465ee728b)
Start importing Assets/2D Enviroment Starter Pack/Base/Desert Verticle_1.asset using Guid(35a9c42fb0c1d09428f793e5c7750f25) Importer(815301076,1909f56bfc062723c751e8b465ee728b) (PreviewImporter) -> (artifact id: 'fc7e006abd218912d8853a6e763cd0fe') in 0.0061536 seconds
Number of updated asset objects reloaded before import = 0Number of asset objects unloaded after import = 3

========================================================================
Received Import Request.
  Time since last request: 0.000020 seconds.
  path: Assets/2D Enviroment Starter Pack/Base/Desert _8.asset
  artifactKey: Guid(3b990c10c47d4224ba80ff0d78ec27c1) Importer(815301076,1909f56bfc062723c751e8b465ee728b)
Start importing Assets/2D Enviroment Starter Pack/Base/Desert _8.asset using Guid(3b990c10c47d4224ba80ff0d78ec27c1) Importer(815301076,1909f56bfc062723c751e8b465ee728b) (PreviewImporter) -> (artifact id: '0fd963f79ecc422dab4af196273d5d21') in 0.0107486 seconds
Number of updated asset objects reloaded before import = 0Number of asset objects unloaded after import = 3

========================================================================
Received Import Request.
  Time since last request: 0.000036 seconds.
  path: Assets/2D Enviroment Starter Pack/Base/Desert Horizontal_0.asset
  artifactKey: Guid(ac7b8dadd05aa77458e7ec2b982ecf59) Importer(815301076,1909f56bfc062723c751e8b465ee728b)
Start importing Assets/2D Enviroment Starter Pack/Base/Desert Horizontal_0.asset using Guid(ac7b8dadd05aa77458e7ec2b982ecf59) Importer(815301076,1909f56bfc062723c751e8b465ee728b) (PreviewImporter) -> (artifact id: '7a12ae7bffd4486ca800241fb40bd50d') in 0.0290968 seconds
Number of updated asset objects reloaded before import = 0Number of asset objects unloaded after import = 3

========================================================================
Received Import Request.
  Time since last request: 0.000027 seconds.
  path: Assets/2D Enviroment Starter Pack/Base/Snow.gif
  artifactKey: Guid(451424bfbb36c5949afbb1159cf4ff3f) Importer(815301076,1909f56bfc062723c751e8b465ee728b)
Start importing Assets/2D Enviroment Starter Pack/Base/Snow.gif using Guid(451424bfbb36c5949afbb1159cf4ff3f) Importer(815301076,1909f56bfc062723c751e8b465ee728b) (PreviewImporter) -> (artifact id: 'feb20e137c245536be9db1f4191d0007') in 0.0590655 seconds
Number of updated asset objects reloaded before import = 0Number of asset objects unloaded after import = 12

========================================================================
Received Import Request.
  Time since last request: 0.000016 seconds.
  path: Assets/2D Enviroment Starter Pack/Base/Desert Verticle_9.asset
  artifactKey: Guid(e8c4bdbfb945a704e8f5c90c246c59a1) Importer(815301076,1909f56bfc062723c751e8b465ee728b)
Start importing Assets/2D Enviroment Starter Pack/Base/Desert Verticle_9.asset using Guid(e8c4bdbfb945a704e8f5c90c246c59a1) Importer(815301076,1909f56bfc062723c751e8b465ee728b) (PreviewImporter) -> (artifact id: '2cc9541bd76817abde3e4de1c810733f') in 0.0072888 seconds
Number of updated asset objects reloaded before import = 0Number of asset objects unloaded after import = 3

========================================================================
Received Import Request.
  Time since last request: 0.000018 seconds.
  path: Assets/2D Enviroment Starter Pack/Base/Snow Verticle_10.asset
  artifactKey: Guid(1d90707c49ccf3a4282bb69024e72fc2) Importer(815301076,1909f56bfc062723c751e8b465ee728b)
Start importing Assets/2D Enviroment Starter Pack/Base/Snow Verticle_10.asset using Guid(1d90707c49ccf3a4282bb69024e72fc2) Importer(815301076,1909f56bfc062723c751e8b465ee728b) (PreviewImporter) -> (artifact id: 'fba833a85e402cee71a06fba74af3107') in 0.0076044 seconds
Number of updated asset objects reloaded before import = 0Number of asset objects unloaded after import = 3

========================================================================
Received Import Request.
  Time since last request: 0.000015 seconds.
  path: Assets/2D Enviroment Starter Pack/Base/Desert Verticle_3.asset
  artifactKey: Guid(58c8e7ab2db951b478273f363c9b4b31) Importer(815301076,1909f56bfc062723c751e8b465ee728b)
Start importing Assets/2D Enviroment Starter Pack/Base/Desert Verticle_3.asset using Guid(58c8e7ab2db951b478273f363c9b4b31) Importer(815301076,1909f56bfc062723c751e8b465ee728b) (PreviewImporter) -> (artifact id: '987dbe34be1ae79910f1f935f8b9b83a') in 0.0093793 seconds
Number of updated asset objects reloaded before import = 0Number of asset objects unloaded after import = 3

========================================================================
Received Import Request.
  Time since last request: 0.000034 seconds.
  path: Assets/2D Enviroment Starter Pack/Base/Snow Edges.gif
  artifactKey: Guid(caf358263e888bc4b8c07e75ffd2e2cd) Importer(815301076,1909f56bfc062723c751e8b465ee728b)
Start importing Assets/2D Enviroment Starter Pack/Base/Snow Edges.gif using Guid(caf358263e888bc4b8c07e75ffd2e2cd) Importer(815301076,1909f56bfc062723c751e8b465ee728b) (PreviewImporter) -> (artifact id: 'daabe72f7f8d9bc3b40aa5e00c56ded2') in 0.0271374 seconds
Number of updated asset objects reloaded before import = 0Number of asset objects unloaded after import = 8

========================================================================
Received Import Request.
  Time since last request: 0.000033 seconds.
  path: Assets/2D Enviroment Starter Pack/Base/Grass Corner_6.asset
  artifactKey: Guid(d35d8f0357c307d49bb4201b440e6e63) Importer(815301076,1909f56bfc062723c751e8b465ee728b)
Start importing Assets/2D Enviroment Starter Pack/Base/Grass Corner_6.asset using Guid(d35d8f0357c307d49bb4201b440e6e63) Importer(815301076,1909f56bfc062723c751e8b465ee728b) (PreviewImporter) -> (artifact id: 'db650b6125661d0a6daf0d760f0cb75a') in 0.0259578 seconds
Number of updated asset objects reloaded before import = 0Number of asset objects unloaded after import = 3

========================================================================
Received Import Request.
  Time since last request: 0.000019 seconds.
  path: Assets/2D Enviroment Starter Pack/Base/Snow_3.asset
  artifactKey: Guid(6165bf3cc41d66142ba27f7a42c1ad24) Importer(815301076,1909f56bfc062723c751e8b465ee728b)
Start importing Assets/2D Enviroment Starter Pack/Base/Snow_3.asset using Guid(6165bf3cc41d66142ba27f7a42c1ad24) Importer(815301076,1909f56bfc062723c751e8b465ee728b) (PreviewImporter) -> (artifact id: '8e02b3797f673767b52054d7c2407e1d') in 0.0091919 seconds
Number of updated asset objects reloaded before import = 0Number of asset objects unloaded after import = 3

========================================================================
Received Import Request.
  Time since last request: 0.000021 seconds.
  path: Assets/2D Enviroment Starter Pack/Base/Snow Verticle_2.asset
  artifactKey: Guid(10848a1844e45ce4291b73fce69a5367) Importer(815301076,1909f56bfc062723c751e8b465ee728b)
Start importing Assets/2D Enviroment Starter Pack/Base/Snow Verticle_2.asset using Guid(10848a1844e45ce4291b73fce69a5367) Importer(815301076,1909f56bfc062723c751e8b465ee728b) (PreviewImporter) -> (artifact id: '475ab0343831c57f4b4a2f732b2d81bc') in 0.006477 seconds
Number of updated asset objects reloaded before import = 0Number of asset objects unloaded after import = 3

========================================================================
Received Import Request.
  Time since last request: 0.000060 seconds.
  path: Assets/2D Enviroment Starter Pack/Base/Ice Water_4.asset
  artifactKey: Guid(3f541233dd4cb0844bbbf962e920ae9f) Importer(815301076,1909f56bfc062723c751e8b465ee728b)
Start importing Assets/2D Enviroment Starter Pack/Base/Ice Water_4.asset using Guid(3f541233dd4cb0844bbbf962e920ae9f) Importer(815301076,1909f56bfc062723c751e8b465ee728b) (PreviewImporter) -> (artifact id: 'b024cc1b84a3c58dc29351e4eed7fd08') in 0.0205707 seconds
Number of updated asset objects reloaded before import = 0Number of asset objects unloaded after import = 3

========================================================================
Received Import Request.
  Time since last request: 0.000020 seconds.
  path: Assets/2D Enviroment Starter Pack/Base/Desert _3.asset
  artifactKey: Guid(be5de3e0344673e4bb5e202f88a7d071) Importer(815301076,1909f56bfc062723c751e8b465ee728b)
Start importing Assets/2D Enviroment Starter Pack/Base/Desert _3.asset using Guid(be5de3e0344673e4bb5e202f88a7d071) Importer(815301076,1909f56bfc062723c751e8b465ee728b) (PreviewImporter) -> (artifact id: '0d4e395086fb77c8400d882234082c8f') in 0.0067921 seconds
Number of updated asset objects reloaded before import = 0Number of asset objects unloaded after import = 3

========================================================================
Received Import Request.
  Time since last request: 0.000015 seconds.
  path: Assets/2D Enviroment Starter Pack/Base/Desert _7.asset
  artifactKey: Guid(a94b308c68302ec48acda221aad31231) Importer(815301076,1909f56bfc062723c751e8b465ee728b)
Start importing Assets/2D Enviroment Starter Pack/Base/Desert _7.asset using Guid(a94b308c68302ec48acda221aad31231) Importer(815301076,1909f56bfc062723c751e8b465ee728b) (PreviewImporter) -> (artifact id: '6a401009a73b3f5416da76bf94aff2e9') in 0.0062622 seconds
Number of updated asset objects reloaded before import = 0Number of asset objects unloaded after import = 3

========================================================================
Received Import Request.
  Time since last request: 0.000019 seconds.
  path: Assets/2D Enviroment Starter Pack/Base/Snow Horizontal_0.asset
  artifactKey: Guid(03dca1c893bf1f94b931f797fcdc86ac) Importer(815301076,1909f56bfc062723c751e8b465ee728b)
Start importing Assets/2D Enviroment Starter Pack/Base/Snow Horizontal_0.asset using Guid(03dca1c893bf1f94b931f797fcdc86ac) Importer(815301076,1909f56bfc062723c751e8b465ee728b) (PreviewImporter) -> (artifact id: '3b87485d45e8fdaafd476b0b5a221e20') in 0.0080338 seconds
Number of updated asset objects reloaded before import = 0Number of asset objects unloaded after import = 3

========================================================================
Received Import Request.
  Time since last request: 0.000030 seconds.
  path: Assets/2D Enviroment Starter Pack/Base/Snow Horizontal_4.asset
  artifactKey: Guid(20b2e92d5fa492148b66988666443507) Importer(815301076,1909f56bfc062723c751e8b465ee728b)
Start importing Assets/2D Enviroment Starter Pack/Base/Snow Horizontal_4.asset using Guid(20b2e92d5fa492148b66988666443507) Importer(815301076,1909f56bfc062723c751e8b465ee728b) (PreviewImporter) -> (artifact id: '7344e42232229aa39cf6325d0e010721') in 0.0078085 seconds
Number of updated asset objects reloaded before import = 0Number of asset objects unloaded after import = 3

========================================================================
Received Import Request.
  Time since last request: 0.000017 seconds.
  path: Assets/2D Enviroment Starter Pack/Base/Water_2.asset
  artifactKey: Guid(490c70f25d205b24ab375b9234f15e7c) Importer(815301076,1909f56bfc062723c751e8b465ee728b)
Start importing Assets/2D Enviroment Starter Pack/Base/Water_2.asset using Guid(490c70f25d205b24ab375b9234f15e7c) Importer(815301076,1909f56bfc062723c751e8b465ee728b) (PreviewImporter) -> (artifact id: 'a612b4676ea4673d0527632255f34c4e') in 0.0084404 seconds
Number of updated asset objects reloaded before import = 0Number of asset objects unloaded after import = 3

========================================================================
Received Import Request.
  Time since last request: 0.000020 seconds.
  path: Assets/2D Enviroment Starter Pack/Base/Water_7.asset
  artifactKey: Guid(ade21beb20b2f4248a85110d95ce77c2) Importer(815301076,1909f56bfc062723c751e8b465ee728b)
Start importing Assets/2D Enviroment Starter Pack/Base/Water_7.asset using Guid(ade21beb20b2f4248a85110d95ce77c2) Importer(815301076,1909f56bfc062723c751e8b465ee728b) (PreviewImporter) -> (artifact id: '4cd4f66bbe89880db67670ef28c4231f') in 0.0074141 seconds
Number of updated asset objects reloaded before import = 0Number of asset objects unloaded after import = 3

========================================================================
Received Import Request.
  Time since last request: 0.000017 seconds.
  path: Assets/2D Enviroment Starter Pack/Base/Water_0.asset
  artifactKey: Guid(812bfa9b88e5e004d9e3e0faa8a135dc) Importer(815301076,1909f56bfc062723c751e8b465ee728b)
Start importing Assets/2D Enviroment Starter Pack/Base/Water_0.asset using Guid(812bfa9b88e5e004d9e3e0faa8a135dc) Importer(815301076,1909f56bfc062723c751e8b465ee728b) (PreviewImporter) -> (artifact id: '5cd5e3f580e802490b714cf53119cb9d') in 0.0074194 seconds
Number of updated asset objects reloaded before import = 0Number of asset objects unloaded after import = 3

========================================================================
Received Import Request.
  Time since last request: 0.000026 seconds.
  path: Assets/2D Enviroment Starter Pack/Base/Grass_6.asset
  artifactKey: Guid(c437fd64f53e64948b4f385bbbe300fd) Importer(815301076,1909f56bfc062723c751e8b465ee728b)
Start importing Assets/2D Enviroment Starter Pack/Base/Grass_6.asset using Guid(c437fd64f53e64948b4f385bbbe300fd) Importer(815301076,1909f56bfc062723c751e8b465ee728b) (PreviewImporter) -> (artifact id: '633f81e4b9ad112371b27c1565696a23') in 0.0229923 seconds
Number of updated asset objects reloaded before import = 0Number of asset objects unloaded after import = 3

========================================================================
Received Import Request.
  Time since last request: 0.000023 seconds.
  path: Assets/2D Enviroment Starter Pack/Base/Desert Verticle_7.asset
  artifactKey: Guid(0de0fd014b29ead41b1037321724e36c) Importer(815301076,1909f56bfc062723c751e8b465ee728b)
Start importing Assets/2D Enviroment Starter Pack/Base/Desert Verticle_7.asset using Guid(0de0fd014b29ead41b1037321724e36c) Importer(815301076,1909f56bfc062723c751e8b465ee728b) (PreviewImporter) -> (artifact id: '42385d1a4ea4af5f754edee9def27f29') in 0.0171633 seconds
Number of updated asset objects reloaded before import = 0Number of asset objects unloaded after import = 3

========================================================================
Received Import Request.
  Time since last request: 0.000027 seconds.
  path: Assets/2D Enviroment Starter Pack/Base/Ice Water_8.asset
  artifactKey: Guid(28e765b2e1e50214bbca09100543e49b) Importer(815301076,1909f56bfc062723c751e8b465ee728b)
Start importing Assets/2D Enviroment Starter Pack/Base/Ice Water_8.asset using Guid(28e765b2e1e50214bbca09100543e49b) Importer(815301076,1909f56bfc062723c751e8b465ee728b) (PreviewImporter) -> (artifact id: '88eca4520a17eefe336427815d4430ef') in 0.0054763 seconds
Number of updated asset objects reloaded before import = 0Number of asset objects unloaded after import = 3

========================================================================
Received Import Request.
  Time since last request: 0.000025 seconds.
  path: Assets/2D Enviroment Starter Pack/Base/Desert _1.asset
  artifactKey: Guid(0ebd37f1d577f714ba8e840caabac28e) Importer(815301076,1909f56bfc062723c751e8b465ee728b)
Start importing Assets/2D Enviroment Starter Pack/Base/Desert _1.asset using Guid(0ebd37f1d577f714ba8e840caabac28e) Importer(815301076,1909f56bfc062723c751e8b465ee728b) (PreviewImporter) -> (artifact id: '9ec8cf11d76dfb20b8cdb35fd9ef5e09') in 0.0063359 seconds
Number of updated asset objects reloaded before import = 0Number of asset objects unloaded after import = 3

========================================================================
Received Import Request.
  Time since last request: 0.000022 seconds.
  path: Assets/2D Enviroment Starter Pack/Base/Snow Edges_0.asset
  artifactKey: Guid(bb3ecc333e7422647a5add41dd8fb667) Importer(815301076,1909f56bfc062723c751e8b465ee728b)
Start importing Assets/2D Enviroment Starter Pack/Base/Snow Edges_0.asset using Guid(bb3ecc333e7422647a5add41dd8fb667) Importer(815301076,1909f56bfc062723c751e8b465ee728b) (PreviewImporter) -> (artifact id: 'a37f7fd1f5c586c144f11cc87de664d0') in 0.0150657 seconds
Number of updated asset objects reloaded before import = 0Number of asset objects unloaded after import = 3

========================================================================
Received Import Request.
  Time since last request: 0.000016 seconds.
  path: Assets/2D Enviroment Starter Pack/Base/Grass Corner_4.asset
  artifactKey: Guid(d1e43534d2926e64e88802b0078b47f0) Importer(815301076,1909f56bfc062723c751e8b465ee728b)
Start importing Assets/2D Enviroment Starter Pack/Base/Grass Corner_4.asset using Guid(d1e43534d2926e64e88802b0078b47f0) Importer(815301076,1909f56bfc062723c751e8b465ee728b) (PreviewImporter) -> (artifact id: '3b5c5a9b155941ee7c4d4ab3122e2001') in 0.0081526 seconds
Number of updated asset objects reloaded before import = 0Number of asset objects unloaded after import = 3

========================================================================
Received Import Request.
  Time since last request: 0.000017 seconds.
  path: Assets/2D Enviroment Starter Pack/Base/Snow Verticle_1.asset
  artifactKey: Guid(47a231da47fd28146a72f33eb350e9a4) Importer(815301076,1909f56bfc062723c751e8b465ee728b)
Start importing Assets/2D Enviroment Starter Pack/Base/Snow Verticle_1.asset using Guid(47a231da47fd28146a72f33eb350e9a4) Importer(815301076,1909f56bfc062723c751e8b465ee728b) (PreviewImporter) -> (artifact id: '7b3d064fbaf927057cd71234531ec322') in 0.0063654 seconds
Number of updated asset objects reloaded before import = 0Number of asset objects unloaded after import = 3

========================================================================
Received Import Request.
  Time since last request: 0.000017 seconds.
  path: Assets/2D Enviroment Starter Pack/Base/Snow Edges_2.asset
  artifactKey: Guid(353212c5e6dd00145807b8a02351e771) Importer(815301076,1909f56bfc062723c751e8b465ee728b)
Start importing Assets/2D Enviroment Starter Pack/Base/Snow Edges_2.asset using Guid(353212c5e6dd00145807b8a02351e771) Importer(815301076,1909f56bfc062723c751e8b465ee728b) (PreviewImporter) -> (artifact id: 'cf4fc232c1adda20f34bd91c6e073f74') in 0.0057691 seconds
Number of updated asset objects reloaded before import = 0Number of asset objects unloaded after import = 3

========================================================================
Received Import Request.
  Time since last request: 0.000021 seconds.
  path: Assets/2D Enviroment Starter Pack/Base/Ice Water_2.asset
  artifactKey: Guid(119e2088dac5be945b8843089b185f6e) Importer(815301076,1909f56bfc062723c751e8b465ee728b)
Start importing Assets/2D Enviroment Starter Pack/Base/Ice Water_2.asset using Guid(119e2088dac5be945b8843089b185f6e) Importer(815301076,1909f56bfc062723c751e8b465ee728b) (PreviewImporter) -> (artifact id: 'ca4f23757439f558de278a77154328cf') in 0.006141 seconds
Number of updated asset objects reloaded before import = 0Number of asset objects unloaded after import = 3

========================================================================
Received Import Request.
  Time since last request: 0.000020 seconds.
  path: Assets/2D Enviroment Starter Pack/Base/Snow Horizontal_3.asset
  artifactKey: Guid(795f07d97f0564f47b335131f731b840) Importer(815301076,1909f56bfc062723c751e8b465ee728b)
Start importing Assets/2D Enviroment Starter Pack/Base/Snow Horizontal_3.asset using Guid(795f07d97f0564f47b335131f731b840) Importer(815301076,1909f56bfc062723c751e8b465ee728b) (PreviewImporter) -> (artifact id: '748428f84b67ac3214f9fe14a26ae78b') in 0.0095749 seconds
Number of updated asset objects reloaded before import = 0Number of asset objects unloaded after import = 3

========================================================================
Received Import Request.
  Time since last request: 0.000020 seconds.
  path: Assets/2D Enviroment Starter Pack/Base/Snow Horizontal_9.asset
  artifactKey: Guid(1956ec5daf986964f9183203cd582b1a) Importer(815301076,1909f56bfc062723c751e8b465ee728b)
Start importing Assets/2D Enviroment Starter Pack/Base/Snow Horizontal_9.asset using Guid(1956ec5daf986964f9183203cd582b1a) Importer(815301076,1909f56bfc062723c751e8b465ee728b) (PreviewImporter) -> (artifact id: 'df6331feac28180ccba3849e27fa91b6') in 0.0086355 seconds
Number of updated asset objects reloaded before import = 0Number of asset objects unloaded after import = 3

========================================================================
Received Import Request.
  Time since last request: 0.000037 seconds.
  path: Assets/2D Enviroment Starter Pack/Base/Snow_4.asset
  artifactKey: Guid(1e454d47c68c6784b833e3891d4b07ae) Importer(815301076,1909f56bfc062723c751e8b465ee728b)
Start importing Assets/2D Enviroment Starter Pack/Base/Snow_4.asset using Guid(1e454d47c68c6784b833e3891d4b07ae) Importer(815301076,1909f56bfc062723c751e8b465ee728b) (PreviewImporter) -> (artifact id: '701ff4fa36160fedb7ff0f68f6fafbb7') in 0.0091262 seconds
Number of updated asset objects reloaded before import = 0Number of asset objects unloaded after import = 3

========================================================================
Received Import Request.
  Time since last request: 0.000036 seconds.
  path: Assets/2D Enviroment Starter Pack/Base/Desert Corner_2.asset
  artifactKey: Guid(c697778d18a027a4e90122519b4574a6) Importer(815301076,1909f56bfc062723c751e8b465ee728b)
Start importing Assets/2D Enviroment Starter Pack/Base/Desert Corner_2.asset using Guid(c697778d18a027a4e90122519b4574a6) Importer(815301076,1909f56bfc062723c751e8b465ee728b) (PreviewImporter) -> (artifact id: '2fd881a66d690104aac927e0e3c1546d') in 0.0077575 seconds
Number of updated asset objects reloaded before import = 0Number of asset objects unloaded after import = 3

========================================================================
Received Import Request.
  Time since last request: 0.000017 seconds.
  path: Assets/2D Enviroment Starter Pack/Base/Desert Horizontal_2.asset
  artifactKey: Guid(5cdb9cf0f20b368408bacc01d93f4eac) Importer(815301076,1909f56bfc062723c751e8b465ee728b)
Start importing Assets/2D Enviroment Starter Pack/Base/Desert Horizontal_2.asset using Guid(5cdb9cf0f20b368408bacc01d93f4eac) Importer(815301076,1909f56bfc062723c751e8b465ee728b) (PreviewImporter) -> (artifact id: '56cf7083cbc2a3b6d3bbfcd10417bbab') in 0.0066231 seconds
Number of updated asset objects reloaded before import = 0Number of asset objects unloaded after import = 3

========================================================================
Received Import Request.
  Time since last request: 0.000016 seconds.
  path: Assets/2D Enviroment Starter Pack/Base/Snow Horizontal_6.asset
  artifactKey: Guid(2756f0d7ab286ec4f9e2fa90847da023) Importer(815301076,1909f56bfc062723c751e8b465ee728b)
Start importing Assets/2D Enviroment Starter Pack/Base/Snow Horizontal_6.asset using Guid(2756f0d7ab286ec4f9e2fa90847da023) Importer(815301076,1909f56bfc062723c751e8b465ee728b) (PreviewImporter) -> (artifact id: 'f892203608bafc6a9662a4c19c5eef50') in 0.0073143 seconds
Number of updated asset objects reloaded before import = 0Number of asset objects unloaded after import = 3

========================================================================
Received Import Request.
  Time since last request: 0.000030 seconds.
  path: Assets/2D Enviroment Starter Pack/Base/Ice Water_5.asset
  artifactKey: Guid(763f28c435dc42d4c90605ad990beca3) Importer(815301076,1909f56bfc062723c751e8b465ee728b)
Start importing Assets/2D Enviroment Starter Pack/Base/Ice Water_5.asset using Guid(763f28c435dc42d4c90605ad990beca3) Importer(815301076,1909f56bfc062723c751e8b465ee728b) (PreviewImporter) -> (artifact id: 'ac1bc0ffb4053cc3335afbe3eff28310') in 0.0071786 seconds
Number of updated asset objects reloaded before import = 0Number of asset objects unloaded after import = 3

========================================================================
Received Import Request.
  Time since last request: 0.000022 seconds.
  path: Assets/2D Enviroment Starter Pack/Base/Snow Corner_4.asset
  artifactKey: Guid(1bc501fe763c4ac4c810ff5afd1a98fc) Importer(815301076,1909f56bfc062723c751e8b465ee728b)
Start importing Assets/2D Enviroment Starter Pack/Base/Snow Corner_4.asset using Guid(1bc501fe763c4ac4c810ff5afd1a98fc) Importer(815301076,1909f56bfc062723c751e8b465ee728b) (PreviewImporter) -> (artifact id: 'f444c1f5553a7fb3cb8dd1c92eebced0') in 0.0076938 seconds
Number of updated asset objects reloaded before import = 0Number of asset objects unloaded after import = 3

========================================================================
Received Import Request.
  Time since last request: 0.000022 seconds.
  path: Assets/2D Enviroment Starter Pack/Base/Snow_2.asset
  artifactKey: Guid(9d1c1284866839548afb188246afa29a) Importer(815301076,1909f56bfc062723c751e8b465ee728b)
Start importing Assets/2D Enviroment Starter Pack/Base/Snow_2.asset using Guid(9d1c1284866839548afb188246afa29a) Importer(815301076,1909f56bfc062723c751e8b465ee728b) (PreviewImporter) -> (artifact id: 'e59fafda3b921f72b9f8cc12256d94e5') in 0.0097156 seconds
Number of updated asset objects reloaded before import = 0Number of asset objects unloaded after import = 3

========================================================================
Received Import Request.
  Time since last request: 0.000043 seconds.
  path: Assets/2D Enviroment Starter Pack/Base/Water_5.asset
  artifactKey: Guid(72d8894b653c4dd4cbda8e7e7094aec6) Importer(815301076,1909f56bfc062723c751e8b465ee728b)
Start importing Assets/2D Enviroment Starter Pack/Base/Water_5.asset using Guid(72d8894b653c4dd4cbda8e7e7094aec6) Importer(815301076,1909f56bfc062723c751e8b465ee728b) (PreviewImporter) -> (artifact id: '35e3deabafaee257b6b9fe0356383af0') in 0.0078406 seconds
Number of updated asset objects reloaded before import = 0Number of asset objects unloaded after import = 3

========================================================================
Received Import Request.
  Time since last request: 0.000018 seconds.
  path: Assets/2D Enviroment Starter Pack/Base/Grass_4.asset
  artifactKey: Guid(53c59b8dc2162934cb8e1728206595a5) Importer(815301076,1909f56bfc062723c751e8b465ee728b)
Start importing Assets/2D Enviroment Starter Pack/Base/Grass_4.asset using Guid(53c59b8dc2162934cb8e1728206595a5) Importer(815301076,1909f56bfc062723c751e8b465ee728b) (PreviewImporter) -> (artifact id: '4f2b87cae6e1ef81257ff46e16b9f8de') in 0.0061158 seconds
Number of updated asset objects reloaded before import = 0Number of asset objects unloaded after import = 3

========================================================================
Received Import Request.
  Time since last request: 0.000025 seconds.
  path: Assets/2D Enviroment Starter Pack/Base/Snow Verticle_3.asset
  artifactKey: Guid(571ccbf0f77844943aa6fc623e6b87d2) Importer(815301076,1909f56bfc062723c751e8b465ee728b)
Start importing Assets/2D Enviroment Starter Pack/Base/Snow Verticle_3.asset using Guid(571ccbf0f77844943aa6fc623e6b87d2) Importer(815301076,1909f56bfc062723c751e8b465ee728b) (PreviewImporter) -> (artifact id: '009d913230da3890a1e9cbbd36d26350') in 0.0056555 seconds
Number of updated asset objects reloaded before import = 0Number of asset objects unloaded after import = 3

========================================================================
Received Import Request.
  Time since last request: 0.000018 seconds.
  path: Assets/2D Enviroment Starter Pack/Base/Snow Corner_0.asset
  artifactKey: Guid(4f2b1e92acecdf440bc2265b4d78d261) Importer(815301076,1909f56bfc062723c751e8b465ee728b)
Start importing Assets/2D Enviroment Starter Pack/Base/Snow Corner_0.asset using Guid(4f2b1e92acecdf440bc2265b4d78d261) Importer(815301076,1909f56bfc062723c751e8b465ee728b) (PreviewImporter) -> (artifact id: 'c4267a908323c831acdd09fce9eb9ef0') in 0.0056619 seconds
Number of updated asset objects reloaded before import = 0Number of asset objects unloaded after import = 3

========================================================================
Received Import Request.
  Time since last request: 348.027643 seconds.
  path: Assets/2D Enviroment Starter Pack/Base/Water_0.asset
  artifactKey: Guid(812bfa9b88e5e004d9e3e0faa8a135dc) Importer(815301076,1909f56bfc062723c751e8b465ee728b)
Start importing Assets/2D Enviroment Starter Pack/Base/Water_0.asset using Guid(812bfa9b88e5e004d9e3e0faa8a135dc) Importer(815301076,1909f56bfc062723c751e8b465ee728b) (PreviewImporter) -> (artifact id: '8f5b4345f2d5c32cc407e3e015a29be1') in 0.010539 seconds
Number of updated asset objects reloaded before import = 0Number of asset objects unloaded after import = 3

========================================================================
Received Import Request.
  Time since last request: 0.000019 seconds.
  path: Assets/2D Enviroment Starter Pack/Base/Water_2.asset
  artifactKey: Guid(490c70f25d205b24ab375b9234f15e7c) Importer(815301076,1909f56bfc062723c751e8b465ee728b)
Start importing Assets/2D Enviroment Starter Pack/Base/Water_2.asset using Guid(490c70f25d205b24ab375b9234f15e7c) Importer(815301076,1909f56bfc062723c751e8b465ee728b) (PreviewImporter) -> (artifact id: 'b08ca5b71e1a0b5e7a4b42af00888a7f') in 0.005969 seconds
Number of updated asset objects reloaded before import = 0Number of asset objects unloaded after import = 3

========================================================================
Received Import Request.
  Time since last request: 0.000019 seconds.
  path: Assets/2D Enviroment Starter Pack/Base/Water_8.asset
  artifactKey: Guid(aadfec32dfbb3af4a894e253c9e93bc6) Importer(815301076,1909f56bfc062723c751e8b465ee728b)
Start importing Assets/2D Enviroment Starter Pack/Base/Water_8.asset using Guid(aadfec32dfbb3af4a894e253c9e93bc6) Importer(815301076,1909f56bfc062723c751e8b465ee728b) (PreviewImporter) -> (artifact id: 'b2d08bca210ffea2cc4b4c1560c0b0b2') in 0.0072496 seconds
Number of updated asset objects reloaded before import = 0Number of asset objects unloaded after import = 3

========================================================================
Received Import Request.
  Time since last request: 0.000022 seconds.
  path: Assets/2D Enviroment Starter Pack/Base/Water_7.asset
  artifactKey: Guid(ade21beb20b2f4248a85110d95ce77c2) Importer(815301076,1909f56bfc062723c751e8b465ee728b)
Start importing Assets/2D Enviroment Starter Pack/Base/Water_7.asset using Guid(ade21beb20b2f4248a85110d95ce77c2) Importer(815301076,1909f56bfc062723c751e8b465ee728b) (PreviewImporter) -> (artifact id: 'e76228c90c9997737ed13cbca0931a50') in 0.0080263 seconds
Number of updated asset objects reloaded before import = 0Number of asset objects unloaded after import = 3

========================================================================
Received Import Request.
  Time since last request: 0.000038 seconds.
  path: Assets/2D Enviroment Starter Pack/Base/Water_4.asset
  artifactKey: Guid(5852acbd5ab103d42aa9dd197f1ccbe9) Importer(815301076,1909f56bfc062723c751e8b465ee728b)
Start importing Assets/2D Enviroment Starter Pack/Base/Water_4.asset using Guid(5852acbd5ab103d42aa9dd197f1ccbe9) Importer(815301076,1909f56bfc062723c751e8b465ee728b) (PreviewImporter) -> (artifact id: '9c42b6d27d7a5034359854946373bfa6') in 0.0054362 seconds
Number of updated asset objects reloaded before import = 0Number of asset objects unloaded after import = 3

========================================================================
Received Import Request.
  Time since last request: 0.000025 seconds.
  path: Assets/2D Enviroment Starter Pack/Base/Water_1.asset
  artifactKey: Guid(9143c90fd0256754785d1348ab109dfa) Importer(815301076,1909f56bfc062723c751e8b465ee728b)
Start importing Assets/2D Enviroment Starter Pack/Base/Water_1.asset using Guid(9143c90fd0256754785d1348ab109dfa) Importer(815301076,1909f56bfc062723c751e8b465ee728b) (PreviewImporter) -> (artifact id: 'b930c5cf6723f945bafd6479ed6de191') in 0.0071181 seconds
Number of updated asset objects reloaded before import = 0Number of asset objects unloaded after import = 3

Editor requested this worker to shutdown with reason: Scaling down because of idle timeout
AssetImportWorker is now disconnected from the server
Process exiting
Exiting without the bug reporter. Application will terminate with return code 0