Using pre-set license
Built from '6000.0/staging' branch; Version is '6000.0.47f1 (2ad1ed33fd3b) revision 2806253'; Using compiler version '193933523'; Build Type 'Release'
OS: 'Windows 11  (10.0.22631) 64bit Core' Language: 'ru' Physical Memory: 14029 MB
BatchMode: 1, IsHumanControllingUs: 0, StartBugReporterOnCrash: 0, Is64bit: 1, IsPro: 1

COMMAND LINE ARGUMENTS:
C:\Program Files\Unity\Hub\Editor\6000.0.47f1\Editor\Unity.exe
-adb2
-batchMode
-noUpm
-name
AssetImportWorker6
-projectPath
C:/Users/HP/Documents/GitHub/Unity_game
-logFile
Logs/AssetImportWorker6.log
-srvPort
63670
-job-worker-count
9
-background-job-worker-count
8
-gc-helper-count
1
Successfully changed project path to: C:/Users/HP/Documents/GitHub/Unity_game
C:/Users/HP/Documents/GitHub/Unity_game
[UnityMemory] Configuration Parameters - Can be set up in boot.config
    "memorysetup-bucket-allocator-granularity=16"
    "memorysetup-bucket-allocator-bucket-count=8"
    "memorysetup-bucket-allocator-block-size=33554432"
    "memorysetup-bucket-allocator-block-count=8"
    "memorysetup-main-allocator-block-size=16777216"
    "memorysetup-thread-allocator-block-size=16777216"
    "memorysetup-gfx-main-allocator-block-size=16777216"
    "memorysetup-gfx-thread-allocator-block-size=16777216"
    "memorysetup-cache-allocator-block-size=4194304"
    "memorysetup-typetree-allocator-block-size=2097152"
    "memorysetup-profiler-bucket-allocator-granularity=16"
    "memorysetup-profiler-bucket-allocator-bucket-count=8"
    "memorysetup-profiler-bucket-allocator-block-size=33554432"
    "memorysetup-profiler-bucket-allocator-block-count=8"
    "memorysetup-profiler-allocator-block-size=16777216"
    "memorysetup-profiler-editor-allocator-block-size=1048576"
    "memorysetup-temp-allocator-size-main=16777216"
    "memorysetup-job-temp-allocator-block-size=2097152"
    "memorysetup-job-temp-allocator-block-size-background=1048576"
    "memorysetup-job-temp-allocator-reduction-small-platforms=262144"
    "memorysetup-allocator-temp-initial-block-size-main=262144"
    "memorysetup-allocator-temp-initial-block-size-worker=262144"
    "memorysetup-temp-allocator-size-background-worker=32768"
    "memorysetup-temp-allocator-size-job-worker=262144"
    "memorysetup-temp-allocator-size-preload-manager=33554432"
    "memorysetup-temp-allocator-size-nav-mesh-worker=65536"
    "memorysetup-temp-allocator-size-audio-worker=65536"
    "memorysetup-temp-allocator-size-cloud-worker=32768"
    "memorysetup-temp-allocator-size-gi-baking-worker=262144"
    "memorysetup-temp-allocator-size-gi-baking-worker=262144"
    "memorysetup-temp-allocator-size-gi-baking-worker=262144"
    "memorysetup-temp-allocator-size-gi-baking-worker=262144"
    "memorysetup-temp-allocator-size-gi-baking-worker=262144"
    "memorysetup-temp-allocator-size-gfx=262144"
Player connection [16996]  Target information:

Player connection [16996]  * "[IP] 192.168.0.155 [Port] 0 [Flags] 2 [Guid] 790558363 [EditorId] 790558363 [Version] 1048832 [Id] WindowsEditor(7,DESKTOP-LVLHDUN) [Debug] 1 [PackageName] WindowsEditor [ProjectName] Editor" 

Player connection [16996] Host joined multi-casting on [225.0.0.222:54997]...
Player connection [16996] Host joined alternative multi-casting on [225.0.0.222:34997]...
JobSystem: Creating JobQueue using job-worker-count value 9
Input System module state changed to: Initialized.
[Physics::Module] Initialized fallback backend.
[Physics::Module] Id: 0xdecafbad
Library Redirect Path: Library/
[Physics::Module] Selected backend.
[Physics::Module] Name: PhysX
[Physics::Module] Id: 0xf2b8ea05
[Physics::Module] SDK Version: 4.1.2
[Physics::Module] Integration Version: 1.0.0
[Physics::Module] Threading Mode: Multi-Threaded
Refreshing native plugins compatible for Editor in 2.28 ms, found 4 plugins.
Preloading 0 native plugins for Editor in 0.00 ms.
Initialize engine version: 6000.0.47f1 (2ad1ed33fd3b)
[Subsystems] Discovering subsystems at path C:/Program Files/Unity/Hub/Editor/6000.0.47f1/Editor/Data/Resources/UnitySubsystems
[Subsystems] Discovering subsystems at path C:/Users/HP/Documents/GitHub/Unity_game/Assets
GfxDevice: creating device client; kGfxThreadingModeNonThreaded
Direct3D:
    Version:  Direct3D 11.0 [level 11.1]
    Renderer: NVIDIA GeForce RTX 4060 Laptop GPU (ID=0x28e0)
    Vendor:   NVIDIA
    VRAM:     7957 MB
    Driver:   32.0.15.5613
Initialize mono
Mono path[0] = 'C:/Program Files/Unity/Hub/Editor/6000.0.47f1/Editor/Data/Managed'
Mono path[1] = 'C:/Program Files/Unity/Hub/Editor/6000.0.47f1/Editor/Data/MonoBleedingEdge/lib/mono/unityjit-win32'
Mono config path = 'C:/Program Files/Unity/Hub/Editor/6000.0.47f1/Editor/Data/MonoBleedingEdge/etc'
Using monoOptions --debugger-agent=transport=dt_socket,embedding=1,server=y,suspend=n,address=127.0.0.1:56956
Begin MonoManager ReloadAssembly
Registering precompiled unity dll's ...
Register platform support module: C:/Program Files/Unity/Hub/Editor/6000.0.47f1/Editor/Data/PlaybackEngines/WindowsStandaloneSupport/UnityEditor.WindowsStandalone.Extensions.dll
Registered in 0.005171 seconds.
- Loaded All Assemblies, in  0.582 seconds
Native extension for WindowsStandalone target not found
Mono: successfully reloaded assembly
- Finished resetting the current domain, in  0.496 seconds
Domain Reload Profiling: 1076ms
	BeginReloadAssembly (165ms)
		ExecutionOrderSort (0ms)
		DisableScriptedObjects (0ms)
		BackupInstance (0ms)
		ReleaseScriptingObjects (0ms)
		CreateAndSetChildDomain (1ms)
	RebuildCommonClasses (64ms)
	RebuildNativeTypeToScriptingClass (17ms)
	initialDomainReloadingComplete (81ms)
	LoadAllAssembliesAndSetupDomain (252ms)
		LoadAssemblies (164ms)
		RebuildTransferFunctionScriptingTraits (0ms)
		AnalyzeDomain (248ms)
			TypeCache.Refresh (246ms)
				TypeCache.ScanAssembly (225ms)
			BuildScriptInfoCaches (0ms)
			ResolveRequiredComponents (1ms)
	FinalizeReload (497ms)
		ReleaseScriptCaches (0ms)
		RebuildScriptCaches (0ms)
		SetupLoadedEditorAssemblies (430ms)
			LogAssemblyErrors (0ms)
			InitializePlatformSupportModulesInManaged (30ms)
			SetLoadedEditorAssemblies (7ms)
			BeforeProcessingInitializeOnLoad (92ms)
			ProcessInitializeOnLoadAttributes (229ms)
			ProcessInitializeOnLoadMethodAttributes (72ms)
			AfterProcessingInitializeOnLoad (0ms)
			EditorAssembliesLoaded (0ms)
		ExecutionOrderSort2 (0ms)
		AwakeInstancesAfterBackupRestoration (0ms)
========================================================================
Worker process is ready to serve import requests
Import Worker Mode flag is 0x00
Begin MonoManager ReloadAssembly
- Loaded All Assemblies, in  1.076 seconds
Refreshing native plugins compatible for Editor in 1.48 ms, found 4 plugins.
Native extension for WindowsStandalone target not found
Mono: successfully reloaded assembly
- Finished resetting the current domain, in  1.054 seconds
Domain Reload Profiling: 2126ms
	BeginReloadAssembly (199ms)
		ExecutionOrderSort (0ms)
		DisableScriptedObjects (8ms)
		BackupInstance (0ms)
		ReleaseScriptingObjects (0ms)
		CreateAndSetChildDomain (32ms)
	RebuildCommonClasses (43ms)
	RebuildNativeTypeToScriptingClass (12ms)
	initialDomainReloadingComplete (49ms)
	LoadAllAssembliesAndSetupDomain (768ms)
		LoadAssemblies (529ms)
		RebuildTransferFunctionScriptingTraits (0ms)
		AnalyzeDomain (358ms)
			TypeCache.Refresh (244ms)
				TypeCache.ScanAssembly (225ms)
			BuildScriptInfoCaches (97ms)
			ResolveRequiredComponents (14ms)
	FinalizeReload (1055ms)
		ReleaseScriptCaches (0ms)
		RebuildScriptCaches (0ms)
		SetupLoadedEditorAssemblies (859ms)
			LogAssemblyErrors (0ms)
			InitializePlatformSupportModulesInManaged (3ms)
			SetLoadedEditorAssemblies (4ms)
			BeforeProcessingInitializeOnLoad (129ms)
			ProcessInitializeOnLoadAttributes (547ms)
			ProcessInitializeOnLoadMethodAttributes (170ms)
			AfterProcessingInitializeOnLoad (6ms)
			EditorAssembliesLoaded (0ms)
		ExecutionOrderSort2 (0ms)
		AwakeInstancesAfterBackupRestoration (7ms)
Launched and connected shader compiler UnityShaderCompiler.exe after 0.03 seconds
Refreshing native plugins compatible for Editor in 2.08 ms, found 4 plugins.
Preloading 0 native plugins for Editor in 0.00 ms.
Unloading 220 Unused Serialized files (Serialized files now loaded: 0)
Unloading 6717 unused Assets / (7.4 MB). Loaded Objects now: 7402.
Memory consumption went from 197.9 MB to 190.5 MB.
Total: 9.873700 ms (FindLiveObjects: 0.585600 ms CreateObjectMapping: 0.537800 ms MarkObjects: 5.109500 ms  DeleteObjects: 3.638400 ms)

========================================================================
Received Import Request.
  Time since last request: 123493.630746 seconds.
  path: Assets/Sprites/Decorations/Wall_Tiles_74.asset
  artifactKey: Guid(8bbbbe0e38c48f948be10e1520c8253d) Importer(815301076,1909f56bfc062723c751e8b465ee728b)
Start importing Assets/Sprites/Decorations/Wall_Tiles_74.asset using Guid(8bbbbe0e38c48f948be10e1520c8253d) Importer(815301076,1909f56bfc062723c751e8b465ee728b) (PreviewImporter) -> (artifact id: '83d1dc6669401b7b416f30c3df51fdb5') in 0.1304581 seconds
Number of updated asset objects reloaded before import = 0Number of asset objects unloaded after import = 3

========================================================================
Received Import Request.
  Time since last request: 0.000024 seconds.
  path: Assets/Sprites/Decorations/Wall_Tiles_108.asset
  artifactKey: Guid(88bfd29f84646e5409d645d23bdb6acb) Importer(815301076,1909f56bfc062723c751e8b465ee728b)
Start importing Assets/Sprites/Decorations/Wall_Tiles_108.asset using Guid(88bfd29f84646e5409d645d23bdb6acb) Importer(815301076,1909f56bfc062723c751e8b465ee728b) (PreviewImporter) -> (artifact id: '93717cad0dc217b50e24adcdaf7c45c8') in 0.024949 seconds
Number of updated asset objects reloaded before import = 0Number of asset objects unloaded after import = 3

========================================================================
Received Import Request.
  Time since last request: 0.000037 seconds.
  path: Assets/Sprites/Decorations/Wall_Tiles_84.asset
  artifactKey: Guid(7571c24580ee728499ce58010274dc42) Importer(815301076,1909f56bfc062723c751e8b465ee728b)
Start importing Assets/Sprites/Decorations/Wall_Tiles_84.asset using Guid(7571c24580ee728499ce58010274dc42) Importer(815301076,1909f56bfc062723c751e8b465ee728b) (PreviewImporter) -> (artifact id: '65dcb869624ed05cb1d3f76b692a9cf0') in 0.0096701 seconds
Number of updated asset objects reloaded before import = 0Number of asset objects unloaded after import = 3

========================================================================
Received Import Request.
  Time since last request: 0.000017 seconds.
  path: Assets/Sprites/Decorations/Wall_Tiles_121.asset
  artifactKey: Guid(193a31cfb8a713740b27c431be20c2c9) Importer(815301076,1909f56bfc062723c751e8b465ee728b)
Start importing Assets/Sprites/Decorations/Wall_Tiles_121.asset using Guid(193a31cfb8a713740b27c431be20c2c9) Importer(815301076,1909f56bfc062723c751e8b465ee728b) (PreviewImporter) -> (artifact id: '48f0ab7f7bebe36182ad5cdd1b14febd') in 0.0237939 seconds
Number of updated asset objects reloaded before import = 0Number of asset objects unloaded after import = 3

========================================================================
Received Import Request.
  Time since last request: 0.000020 seconds.
  path: Assets/Sprites/Decorations/Wall_Tiles_99.asset
  artifactKey: Guid(2ab37f222d5ccd3428b2c3bbd0c5692f) Importer(815301076,1909f56bfc062723c751e8b465ee728b)
Start importing Assets/Sprites/Decorations/Wall_Tiles_99.asset using Guid(2ab37f222d5ccd3428b2c3bbd0c5692f) Importer(815301076,1909f56bfc062723c751e8b465ee728b) (PreviewImporter) -> (artifact id: '3ad4a7e7adb9475942490e5a310c963c') in 0.0240703 seconds
Number of updated asset objects reloaded before import = 0Number of asset objects unloaded after import = 3

========================================================================
Received Import Request.
  Time since last request: 0.000040 seconds.
  path: Assets/Sprites/Decorations/Wall_Tiles_83.asset
  artifactKey: Guid(8a2cbd23ec25c20479505cbcb840cb58) Importer(815301076,1909f56bfc062723c751e8b465ee728b)
Start importing Assets/Sprites/Decorations/Wall_Tiles_83.asset using Guid(8a2cbd23ec25c20479505cbcb840cb58) Importer(815301076,1909f56bfc062723c751e8b465ee728b) (PreviewImporter) -> (artifact id: 'fe20a282f9159b8cc63ba64a101ac526') in 0.0192172 seconds
Number of updated asset objects reloaded before import = 0Number of asset objects unloaded after import = 3

========================================================================
Received Import Request.
  Time since last request: 0.000017 seconds.
  path: Assets/Sprites/Decorations/Wall_Tiles_157.asset
  artifactKey: Guid(43a55971cb8bc214c92739cd460d4689) Importer(815301076,1909f56bfc062723c751e8b465ee728b)
Start importing Assets/Sprites/Decorations/Wall_Tiles_157.asset using Guid(43a55971cb8bc214c92739cd460d4689) Importer(815301076,1909f56bfc062723c751e8b465ee728b) (PreviewImporter) -> (artifact id: 'bd4fab73b29746f74ef167453119ac7a') in 0.020144 seconds
Number of updated asset objects reloaded before import = 0Number of asset objects unloaded after import = 3

========================================================================
Received Import Request.
  Time since last request: 0.000025 seconds.
  path: Assets/Sprites/Decorations/Wall_Tiles_133.asset
  artifactKey: Guid(1276edd792013d4489191d2e2951654d) Importer(815301076,1909f56bfc062723c751e8b465ee728b)
Start importing Assets/Sprites/Decorations/Wall_Tiles_133.asset using Guid(1276edd792013d4489191d2e2951654d) Importer(815301076,1909f56bfc062723c751e8b465ee728b) (PreviewImporter) -> (artifact id: 'a1553acaaba3539896e0837a9c27df43') in 0.0248573 seconds
Number of updated asset objects reloaded before import = 0Number of asset objects unloaded after import = 3

========================================================================
Received Import Request.
  Time since last request: 0.000026 seconds.
  path: Assets/Sprites/Decorations/Wall_Tiles_182.asset
  artifactKey: Guid(e5d4076108ce1574882db65d36010cba) Importer(815301076,1909f56bfc062723c751e8b465ee728b)
Start importing Assets/Sprites/Decorations/Wall_Tiles_182.asset using Guid(e5d4076108ce1574882db65d36010cba) Importer(815301076,1909f56bfc062723c751e8b465ee728b) (PreviewImporter) -> (artifact id: '8063664d99ff241047f0f51c53862c30') in 0.0250185 seconds
Number of updated asset objects reloaded before import = 0Number of asset objects unloaded after import = 3

========================================================================
Received Import Request.
  Time since last request: 0.000018 seconds.
  path: Assets/Sprites/Decorations/Wall_Tiles_177.asset
  artifactKey: Guid(086571119ba2a69499e3f176128c130a) Importer(815301076,1909f56bfc062723c751e8b465ee728b)
Start importing Assets/Sprites/Decorations/Wall_Tiles_177.asset using Guid(086571119ba2a69499e3f176128c130a) Importer(815301076,1909f56bfc062723c751e8b465ee728b) (PreviewImporter) -> (artifact id: '2cacf536f9b5ee3efb6fd7bb672ff37d') in 0.0236141 seconds
Number of updated asset objects reloaded before import = 0Number of asset objects unloaded after import = 3

========================================================================
Received Import Request.
  Time since last request: 0.000015 seconds.
  path: Assets/Sprites/Decorations/Wall_Tiles_206.asset
  artifactKey: Guid(512a6691ff2786b40bd6bd5d8ed35d88) Importer(815301076,1909f56bfc062723c751e8b465ee728b)
Start importing Assets/Sprites/Decorations/Wall_Tiles_206.asset using Guid(512a6691ff2786b40bd6bd5d8ed35d88) Importer(815301076,1909f56bfc062723c751e8b465ee728b) (PreviewImporter) -> (artifact id: '205ecef8d0c4d48baa74256e2b54c979') in 0.0080434 seconds
Number of updated asset objects reloaded before import = 0Number of asset objects unloaded after import = 3

========================================================================
Received Import Request.
  Time since last request: 0.000021 seconds.
  path: Assets/Sprites/Decorations/Wall_Tiles_93.asset
  artifactKey: Guid(53553e129c44ea041b95499361e3a440) Importer(815301076,1909f56bfc062723c751e8b465ee728b)
Start importing Assets/Sprites/Decorations/Wall_Tiles_93.asset using Guid(53553e129c44ea041b95499361e3a440) Importer(815301076,1909f56bfc062723c751e8b465ee728b) (PreviewImporter) -> (artifact id: '3a6d5cd2656dfcb1b975a520ec85029c') in 0.0235281 seconds
Number of updated asset objects reloaded before import = 0Number of asset objects unloaded after import = 3

========================================================================
Received Import Request.
  Time since last request: 0.000015 seconds.
  path: Assets/Sprites/Decorations/Wall_Tiles_170.asset
  artifactKey: Guid(210d4afa4b9846043bc64fae5df04b36) Importer(815301076,1909f56bfc062723c751e8b465ee728b)
Start importing Assets/Sprites/Decorations/Wall_Tiles_170.asset using Guid(210d4afa4b9846043bc64fae5df04b36) Importer(815301076,1909f56bfc062723c751e8b465ee728b) (PreviewImporter) -> (artifact id: 'b6b70c9bad6658fafbc5a9eb3eb27614') in 0.0075017 seconds
Number of updated asset objects reloaded before import = 0Number of asset objects unloaded after import = 3

========================================================================
Received Import Request.
  Time since last request: 0.000018 seconds.
  path: Assets/Sprites/Decorations/Wall_Tiles_223.asset
  artifactKey: Guid(6692b51dca98b4744ae7ac4c4d4efdcf) Importer(815301076,1909f56bfc062723c751e8b465ee728b)
Start importing Assets/Sprites/Decorations/Wall_Tiles_223.asset using Guid(6692b51dca98b4744ae7ac4c4d4efdcf) Importer(815301076,1909f56bfc062723c751e8b465ee728b) (PreviewImporter) -> (artifact id: 'ffaab438fb63bf98273989e744984c31') in 0.0207206 seconds
Number of updated asset objects reloaded before import = 0Number of asset objects unloaded after import = 3

========================================================================
Received Import Request.
  Time since last request: 0.000028 seconds.
  path: Assets/Sprites/Decorations/Wall_Tiles_243.asset
  artifactKey: Guid(0078fc8a14b1eb54682b18fe11fb97d2) Importer(815301076,1909f56bfc062723c751e8b465ee728b)
Start importing Assets/Sprites/Decorations/Wall_Tiles_243.asset using Guid(0078fc8a14b1eb54682b18fe11fb97d2) Importer(815301076,1909f56bfc062723c751e8b465ee728b) (PreviewImporter) -> (artifact id: '023d707653f83f7fa9fb40147911f43c') in 0.0075487 seconds
Number of updated asset objects reloaded before import = 0Number of asset objects unloaded after import = 3

========================================================================
Received Import Request.
  Time since last request: 0.000017 seconds.
  path: Assets/Sprites/Decorations/Wall_Tiles_259.asset
  artifactKey: Guid(2176e42721ba9014f8607dbb93f597b7) Importer(815301076,1909f56bfc062723c751e8b465ee728b)
Start importing Assets/Sprites/Decorations/Wall_Tiles_259.asset using Guid(2176e42721ba9014f8607dbb93f597b7) Importer(815301076,1909f56bfc062723c751e8b465ee728b) (PreviewImporter) -> (artifact id: 'ea6b7319a1d3b819e0f12dc1c1a70302') in 0.0224299 seconds
Number of updated asset objects reloaded before import = 0Number of asset objects unloaded after import = 3

========================================================================
Received Import Request.
  Time since last request: 0.000020 seconds.
  path: Assets/Sprites/Decorations/Wall_Tiles_287.asset
  artifactKey: Guid(41fbc72e2d4979c49a605faf8948d5ba) Importer(815301076,1909f56bfc062723c751e8b465ee728b)
Start importing Assets/Sprites/Decorations/Wall_Tiles_287.asset using Guid(41fbc72e2d4979c49a605faf8948d5ba) Importer(815301076,1909f56bfc062723c751e8b465ee728b) (PreviewImporter) -> (artifact id: '38fceb70dc3b1c9b9ba6c3deac007f0b') in 0.022436 seconds
Number of updated asset objects reloaded before import = 0Number of asset objects unloaded after import = 3

========================================================================
Received Import Request.
  Time since last request: 0.000018 seconds.
  path: Assets/Sprites/Decorations/Wall_Tiles_275.asset
  artifactKey: Guid(d03c6102508ed414a8a76e1bc222b2e2) Importer(815301076,1909f56bfc062723c751e8b465ee728b)
Start importing Assets/Sprites/Decorations/Wall_Tiles_275.asset using Guid(d03c6102508ed414a8a76e1bc222b2e2) Importer(815301076,1909f56bfc062723c751e8b465ee728b) (PreviewImporter) -> (artifact id: 'd4e0388c8734c9c559cc806a8d091e3d') in 0.0229324 seconds
Number of updated asset objects reloaded before import = 0Number of asset objects unloaded after import = 3

========================================================================
Received Import Request.
  Time since last request: 0.000022 seconds.
  path: Assets/Sprites/Decorations/Wall_Tiles_234.asset
  artifactKey: Guid(93a76cf104ee251438b379686de210bc) Importer(815301076,1909f56bfc062723c751e8b465ee728b)
Start importing Assets/Sprites/Decorations/Wall_Tiles_234.asset using Guid(93a76cf104ee251438b379686de210bc) Importer(815301076,1909f56bfc062723c751e8b465ee728b) (PreviewImporter) -> (artifact id: '9d98afe5eda4c3257bfaf2f53709c6a6') in 0.0222242 seconds
Number of updated asset objects reloaded before import = 0Number of asset objects unloaded after import = 3

========================================================================
Received Import Request.
  Time since last request: 0.000019 seconds.
  path: Assets/Sprites/Decorations/Wall_Tiles_230.asset
  artifactKey: Guid(e9006eb89b572bd4e90a8de43c582373) Importer(815301076,1909f56bfc062723c751e8b465ee728b)
Start importing Assets/Sprites/Decorations/Wall_Tiles_230.asset using Guid(e9006eb89b572bd4e90a8de43c582373) Importer(815301076,1909f56bfc062723c751e8b465ee728b) (PreviewImporter) -> (artifact id: 'c008cade77bb6ce92421f1486d5ca9d4') in 0.0093026 seconds
Number of updated asset objects reloaded before import = 0Number of asset objects unloaded after import = 3

========================================================================
Received Import Request.
  Time since last request: 0.000026 seconds.
  path: Assets/Sprites/Decorations/Wall_Tiles_296.asset
  artifactKey: Guid(9e3d038bcbc771147b5570056f05c70c) Importer(815301076,1909f56bfc062723c751e8b465ee728b)
Start importing Assets/Sprites/Decorations/Wall_Tiles_296.asset using Guid(9e3d038bcbc771147b5570056f05c70c) Importer(815301076,1909f56bfc062723c751e8b465ee728b) (PreviewImporter) -> (artifact id: 'b30d9b78890b95807cd213d3def11f98') in 0.0248229 seconds
Number of updated asset objects reloaded before import = 0Number of asset objects unloaded after import = 3

========================================================================
Received Import Request.
  Time since last request: 0.000017 seconds.
  path: Assets/Sprites/Decorations/Wall_Tiles_325.asset
  artifactKey: Guid(44beafb2cc2e835438ee6856e6496944) Importer(815301076,1909f56bfc062723c751e8b465ee728b)
Start importing Assets/Sprites/Decorations/Wall_Tiles_325.asset using Guid(44beafb2cc2e835438ee6856e6496944) Importer(815301076,1909f56bfc062723c751e8b465ee728b) (PreviewImporter) -> (artifact id: 'b08ea566bbca2164fd722da138e1ddd6') in 0.0223164 seconds
Number of updated asset objects reloaded before import = 0Number of asset objects unloaded after import = 3

========================================================================
Received Import Request.
  Time since last request: 0.000017 seconds.
  path: Assets/Sprites/Decorations/Wall_Tiles_307.asset
  artifactKey: Guid(9affb5b2c09e80d4e80948790df23ac2) Importer(815301076,1909f56bfc062723c751e8b465ee728b)
Start importing Assets/Sprites/Decorations/Wall_Tiles_307.asset using Guid(9affb5b2c09e80d4e80948790df23ac2) Importer(815301076,1909f56bfc062723c751e8b465ee728b) (PreviewImporter) -> (artifact id: '764ef034ce175be54a24e16da8a1561f') in 0.0235031 seconds
Number of updated asset objects reloaded before import = 0Number of asset objects unloaded after import = 3

========================================================================
Received Import Request.
  Time since last request: 0.000015 seconds.
  path: Assets/Sprites/Decorations/Wall_Tiles_316.asset
  artifactKey: Guid(8b7eea584b698c74aafb86db813f7101) Importer(815301076,1909f56bfc062723c751e8b465ee728b)
Start importing Assets/Sprites/Decorations/Wall_Tiles_316.asset using Guid(8b7eea584b698c74aafb86db813f7101) Importer(815301076,1909f56bfc062723c751e8b465ee728b) (PreviewImporter) -> (artifact id: 'ff7a9d925f1f7f85324da4a0bcdb008f') in 0.0206154 seconds
Number of updated asset objects reloaded before import = 0Number of asset objects unloaded after import = 3

========================================================================
Received Import Request.
  Time since last request: 0.000017 seconds.
  path: Assets/Sprites/Decorations/Wall_Tiles_370.asset
  artifactKey: Guid(ef6c7704d6ff0314d825a52a662697dd) Importer(815301076,1909f56bfc062723c751e8b465ee728b)
Start importing Assets/Sprites/Decorations/Wall_Tiles_370.asset using Guid(ef6c7704d6ff0314d825a52a662697dd) Importer(815301076,1909f56bfc062723c751e8b465ee728b) (PreviewImporter) -> (artifact id: 'e4491bf36649061045d9a360c903f377') in 0.0072446 seconds
Number of updated asset objects reloaded before import = 0Number of asset objects unloaded after import = 3

========================================================================
Received Import Request.
  Time since last request: 0.000018 seconds.
  path: Assets/Sprites/Decorations/Wall_Tiles_368.asset
  artifactKey: Guid(e891802aa8ce61c4aadbac5169f2462a) Importer(815301076,1909f56bfc062723c751e8b465ee728b)
Start importing Assets/Sprites/Decorations/Wall_Tiles_368.asset using Guid(e891802aa8ce61c4aadbac5169f2462a) Importer(815301076,1909f56bfc062723c751e8b465ee728b) (PreviewImporter) -> (artifact id: '60e2aba89c4d8dfb6ccde4051d75289f') in 0.009126 seconds
Number of updated asset objects reloaded before import = 0Number of asset objects unloaded after import = 3

========================================================================
Received Import Request.
  Time since last request: 0.000025 seconds.
  path: Assets/Sprites/Decorations/Wall_Tiles_252.asset
  artifactKey: Guid(ceeb6b23ddf91ee4c888f1e73b4efc20) Importer(815301076,1909f56bfc062723c751e8b465ee728b)
Start importing Assets/Sprites/Decorations/Wall_Tiles_252.asset using Guid(ceeb6b23ddf91ee4c888f1e73b4efc20) Importer(815301076,1909f56bfc062723c751e8b465ee728b) (PreviewImporter) -> (artifact id: '29e4bda8759a65f93765d6f93cc19696') in 0.0059284 seconds
Number of updated asset objects reloaded before import = 0Number of asset objects unloaded after import = 3

========================================================================
Received Import Request.
  Time since last request: 0.000015 seconds.
  path: Assets/Sprites/Decorations/Wall_Tiles_380.asset
  artifactKey: Guid(19eafe3b8b6eec647a319998deccb150) Importer(815301076,1909f56bfc062723c751e8b465ee728b)
Start importing Assets/Sprites/Decorations/Wall_Tiles_380.asset using Guid(19eafe3b8b6eec647a319998deccb150) Importer(815301076,1909f56bfc062723c751e8b465ee728b) (PreviewImporter) -> (artifact id: '45099f94427fe596ca2b56c8fb9277be') in 0.0081931 seconds
Number of updated asset objects reloaded before import = 0Number of asset objects unloaded after import = 3

========================================================================
Received Import Request.
  Time since last request: 0.000015 seconds.
  path: Assets/Sprites/Decorations/Wall_Tiles_384.asset
  artifactKey: Guid(b0831e2f7f5212f4fbdddb2fac1bd068) Importer(815301076,1909f56bfc062723c751e8b465ee728b)
Start importing Assets/Sprites/Decorations/Wall_Tiles_384.asset using Guid(b0831e2f7f5212f4fbdddb2fac1bd068) Importer(815301076,1909f56bfc062723c751e8b465ee728b) (PreviewImporter) -> (artifact id: 'bc840794812ce5c0e22b28963963c0b5') in 0.0230513 seconds
Number of updated asset objects reloaded before import = 0Number of asset objects unloaded after import = 3

========================================================================
Received Import Request.
  Time since last request: 0.000016 seconds.
  path: Assets/Sprites/Decorations/Wall_Tiles_396.asset
  artifactKey: Guid(5f48e81a3dfb22141b129f58bac82cf8) Importer(815301076,1909f56bfc062723c751e8b465ee728b)
Start importing Assets/Sprites/Decorations/Wall_Tiles_396.asset using Guid(5f48e81a3dfb22141b129f58bac82cf8) Importer(815301076,1909f56bfc062723c751e8b465ee728b) (PreviewImporter) -> (artifact id: '7963064fca40260d3490c84ea416aad8') in 0.0170189 seconds
Number of updated asset objects reloaded before import = 0Number of asset objects unloaded after import = 3

========================================================================
Received Import Request.
  Time since last request: 0.000015 seconds.
  path: Assets/Sprites/Decorations/Wall_Tiles_82.asset
  artifactKey: Guid(77de89c30587c2d4dbbcc5fbcb0b7018) Importer(815301076,1909f56bfc062723c751e8b465ee728b)
Start importing Assets/Sprites/Decorations/Wall_Tiles_82.asset using Guid(77de89c30587c2d4dbbcc5fbcb0b7018) Importer(815301076,1909f56bfc062723c751e8b465ee728b) (PreviewImporter) -> (artifact id: '018c666237654697d9b698ddebaae4ed') in 0.0229638 seconds
Number of updated asset objects reloaded before import = 0Number of asset objects unloaded after import = 3

========================================================================
Received Import Request.
  Time since last request: 0.000018 seconds.
  path: Assets/Sprites/Decorations/Wall_Tiles_245.asset
  artifactKey: Guid(fa7aa1b79737c0247ab24fb8ceb9bc4c) Importer(815301076,1909f56bfc062723c751e8b465ee728b)
Start importing Assets/Sprites/Decorations/Wall_Tiles_245.asset using Guid(fa7aa1b79737c0247ab24fb8ceb9bc4c) Importer(815301076,1909f56bfc062723c751e8b465ee728b) (PreviewImporter) -> (artifact id: 'd55e6e90e3b3fa145a203c57b7e7ade7') in 0.0242524 seconds
Number of updated asset objects reloaded before import = 0Number of asset objects unloaded after import = 3

========================================================================
Received Import Request.
  Time since last request: 0.000030 seconds.
  path: Assets/Sprites/Decorations/Wall_Tiles_149.asset
  artifactKey: Guid(5b2e250ab6c6d064f8caa29c1fd7cc92) Importer(815301076,1909f56bfc062723c751e8b465ee728b)
Start importing Assets/Sprites/Decorations/Wall_Tiles_149.asset using Guid(5b2e250ab6c6d064f8caa29c1fd7cc92) Importer(815301076,1909f56bfc062723c751e8b465ee728b) (PreviewImporter) -> (artifact id: '113895adec3a2c0ab6785843bec6172e') in 0.0223598 seconds
Number of updated asset objects reloaded before import = 0Number of asset objects unloaded after import = 3

========================================================================
Received Import Request.
  Time since last request: 0.000026 seconds.
  path: Assets/Sprites/Decorations/Wall_Tiles_395.asset
  artifactKey: Guid(799dc51786f24404fbd7e1c39d5640e4) Importer(815301076,1909f56bfc062723c751e8b465ee728b)
Start importing Assets/Sprites/Decorations/Wall_Tiles_395.asset using Guid(799dc51786f24404fbd7e1c39d5640e4) Importer(815301076,1909f56bfc062723c751e8b465ee728b) (PreviewImporter) -> (artifact id: 'f1bab5f3d2987c0cf261d4e111a39caa') in 0.0260342 seconds
Number of updated asset objects reloaded before import = 0Number of asset objects unloaded after import = 3

========================================================================
Received Import Request.
  Time since last request: 0.000018 seconds.
  path: Assets/Sprites/Decorations/Wall_Tiles_327.asset
  artifactKey: Guid(825c2b1557c87c2468e15807298c7f59) Importer(815301076,1909f56bfc062723c751e8b465ee728b)
Start importing Assets/Sprites/Decorations/Wall_Tiles_327.asset using Guid(825c2b1557c87c2468e15807298c7f59) Importer(815301076,1909f56bfc062723c751e8b465ee728b) (PreviewImporter) -> (artifact id: 'bec1d30c9989fe31eb17223222806bf1') in 0.0074117 seconds
Number of updated asset objects reloaded before import = 0Number of asset objects unloaded after import = 3

========================================================================
Received Import Request.
  Time since last request: 0.000019 seconds.
  path: Assets/Sprites/Decorations/Wall_Tiles_376.asset
  artifactKey: Guid(e05d09dd13b917944a0c6e687399f5e6) Importer(815301076,1909f56bfc062723c751e8b465ee728b)
Start importing Assets/Sprites/Decorations/Wall_Tiles_376.asset using Guid(e05d09dd13b917944a0c6e687399f5e6) Importer(815301076,1909f56bfc062723c751e8b465ee728b) (PreviewImporter) -> (artifact id: 'd4c54dd2f25e55e337fc1fc86e6b89f3') in 0.0072079 seconds
Number of updated asset objects reloaded before import = 0Number of asset objects unloaded after import = 3

========================================================================
Received Import Request.
  Time since last request: 0.000019 seconds.
  path: Assets/Sprites/Decorations/Wall_Tiles_279.asset
  artifactKey: Guid(dd2eb2fa1e9b117498616c3aea1f0a7f) Importer(815301076,1909f56bfc062723c751e8b465ee728b)
Start importing Assets/Sprites/Decorations/Wall_Tiles_279.asset using Guid(dd2eb2fa1e9b117498616c3aea1f0a7f) Importer(815301076,1909f56bfc062723c751e8b465ee728b) (PreviewImporter) -> (artifact id: 'a415bb81f3b75cc04e2ddd9e5218ca1c') in 0.0225648 seconds
Number of updated asset objects reloaded before import = 0Number of asset objects unloaded after import = 3

========================================================================
Received Import Request.
  Time since last request: 0.000023 seconds.
  path: Assets/Sprites/Decorations/Wall_Tiles_190.asset
  artifactKey: Guid(96a2994bdfe3bc34c85d20f7fa5d4598) Importer(815301076,1909f56bfc062723c751e8b465ee728b)
Start importing Assets/Sprites/Decorations/Wall_Tiles_190.asset using Guid(96a2994bdfe3bc34c85d20f7fa5d4598) Importer(815301076,1909f56bfc062723c751e8b465ee728b) (PreviewImporter) -> (artifact id: 'ce2a79acf56c7c3b6ef4d66b807c6818') in 0.023446 seconds
Number of updated asset objects reloaded before import = 0Number of asset objects unloaded after import = 3

========================================================================
Received Import Request.
  Time since last request: 0.000042 seconds.
  path: Assets/Sprites/Decorations/Wall_Tiles_249.asset
  artifactKey: Guid(64224196b9eddf34cbd187ead4b49784) Importer(815301076,1909f56bfc062723c751e8b465ee728b)
Start importing Assets/Sprites/Decorations/Wall_Tiles_249.asset using Guid(64224196b9eddf34cbd187ead4b49784) Importer(815301076,1909f56bfc062723c751e8b465ee728b) (PreviewImporter) -> (artifact id: '47b7f3859b133ee067435ea9ed09c682') in 0.0274585 seconds
Number of updated asset objects reloaded before import = 0Number of asset objects unloaded after import = 3

========================================================================
Received Import Request.
  Time since last request: 0.000021 seconds.
  path: Assets/Sprites/Decorations/Wall_Tiles_132.asset
  artifactKey: Guid(014b81c8f9b85f244bfbeadc3719f0c8) Importer(815301076,1909f56bfc062723c751e8b465ee728b)
Start importing Assets/Sprites/Decorations/Wall_Tiles_132.asset using Guid(014b81c8f9b85f244bfbeadc3719f0c8) Importer(815301076,1909f56bfc062723c751e8b465ee728b) (PreviewImporter) -> (artifact id: '9e2f1db3a7a862392587302e758f4873') in 0.0068898 seconds
Number of updated asset objects reloaded before import = 0Number of asset objects unloaded after import = 3

========================================================================
Received Import Request.
  Time since last request: 0.000017 seconds.
  path: Assets/Sprites/Decorations/Wall_Tiles_352.asset
  artifactKey: Guid(f5c81eeaca555e44eb36e19ec9885ab4) Importer(815301076,1909f56bfc062723c751e8b465ee728b)
Start importing Assets/Sprites/Decorations/Wall_Tiles_352.asset using Guid(f5c81eeaca555e44eb36e19ec9885ab4) Importer(815301076,1909f56bfc062723c751e8b465ee728b) (PreviewImporter) -> (artifact id: 'b4f085feeb76d39b49635088e3181852') in 0.0082734 seconds
Number of updated asset objects reloaded before import = 0Number of asset objects unloaded after import = 3

========================================================================
Received Import Request.
  Time since last request: 0.000017 seconds.
  path: Assets/Sprites/Decorations/Wall_Tiles_105.asset
  artifactKey: Guid(56157e278e99b4443a507c76426f2b22) Importer(815301076,1909f56bfc062723c751e8b465ee728b)
Start importing Assets/Sprites/Decorations/Wall_Tiles_105.asset using Guid(56157e278e99b4443a507c76426f2b22) Importer(815301076,1909f56bfc062723c751e8b465ee728b) (PreviewImporter) -> (artifact id: 'a3dfd462b1945c113114870038731f3d') in 0.024034 seconds
Number of updated asset objects reloaded before import = 0Number of asset objects unloaded after import = 3

========================================================================
Received Import Request.
  Time since last request: 0.000018 seconds.
  path: Assets/Sprites/Decorations/Wall_Tiles_312.asset
  artifactKey: Guid(8b9159e7cde38eb4d9194ddcb702e2d9) Importer(815301076,1909f56bfc062723c751e8b465ee728b)
Start importing Assets/Sprites/Decorations/Wall_Tiles_312.asset using Guid(8b9159e7cde38eb4d9194ddcb702e2d9) Importer(815301076,1909f56bfc062723c751e8b465ee728b) (PreviewImporter) -> (artifact id: 'c8fb42798cb62fd8518435b317ccf069') in 0.0226665 seconds
Number of updated asset objects reloaded before import = 0Number of asset objects unloaded after import = 3

========================================================================
Received Import Request.
  Time since last request: 0.000020 seconds.
  path: Assets/Sprites/Decorations/Wall_Tiles_283.asset
  artifactKey: Guid(666948a37bc1040438f4cb1df9783aa7) Importer(815301076,1909f56bfc062723c751e8b465ee728b)
Start importing Assets/Sprites/Decorations/Wall_Tiles_283.asset using Guid(666948a37bc1040438f4cb1df9783aa7) Importer(815301076,1909f56bfc062723c751e8b465ee728b) (PreviewImporter) -> (artifact id: '0dd6289ac9bb32ef2edd931a21040573') in 0.0089906 seconds
Number of updated asset objects reloaded before import = 0Number of asset objects unloaded after import = 3

========================================================================
Received Import Request.
  Time since last request: 0.000026 seconds.
  path: Assets/Sprites/Decorations/Wall_Tiles_242.asset
  artifactKey: Guid(9649a26ce56d9cb40856cea1884319dc) Importer(815301076,1909f56bfc062723c751e8b465ee728b)
Start importing Assets/Sprites/Decorations/Wall_Tiles_242.asset using Guid(9649a26ce56d9cb40856cea1884319dc) Importer(815301076,1909f56bfc062723c751e8b465ee728b) (PreviewImporter) -> (artifact id: 'd653cdf6e75e1767969446273bef3d7a') in 0.0066137 seconds
Number of updated asset objects reloaded before import = 0Number of asset objects unloaded after import = 3

========================================================================
Received Import Request.
  Time since last request: 0.000019 seconds.
  path: Assets/Sprites/Decorations/Wall_Tiles_217.asset
  artifactKey: Guid(b5766bd74ac1d7f429fa82c59ee5c557) Importer(815301076,1909f56bfc062723c751e8b465ee728b)
Start importing Assets/Sprites/Decorations/Wall_Tiles_217.asset using Guid(b5766bd74ac1d7f429fa82c59ee5c557) Importer(815301076,1909f56bfc062723c751e8b465ee728b) (PreviewImporter) -> (artifact id: '4dcc7956a5aaf2c95ec0681ae152f9b1') in 0.020159 seconds
Number of updated asset objects reloaded before import = 0Number of asset objects unloaded after import = 3

========================================================================
Received Import Request.
  Time since last request: 0.000018 seconds.
  path: Assets/Sprites/Decorations/Wall_Tiles_390.asset
  artifactKey: Guid(7754f2f2d829d7d42b00237f8bbb4a88) Importer(815301076,1909f56bfc062723c751e8b465ee728b)
Start importing Assets/Sprites/Decorations/Wall_Tiles_390.asset using Guid(7754f2f2d829d7d42b00237f8bbb4a88) Importer(815301076,1909f56bfc062723c751e8b465ee728b) (PreviewImporter) -> (artifact id: '262f4bca0d2d7a64910b4c3a3547ec30') in 0.0207307 seconds
Number of updated asset objects reloaded before import = 0Number of asset objects unloaded after import = 3

========================================================================
Received Import Request.
  Time since last request: 0.000019 seconds.
  path: Assets/Sprites/Decorations/Wall_Tiles_250.asset
  artifactKey: Guid(2befbfac865d42c4799ab60f12d353a5) Importer(815301076,1909f56bfc062723c751e8b465ee728b)
Start importing Assets/Sprites/Decorations/Wall_Tiles_250.asset using Guid(2befbfac865d42c4799ab60f12d353a5) Importer(815301076,1909f56bfc062723c751e8b465ee728b) (PreviewImporter) -> (artifact id: '396ff43781e806d7db6309935b881df2') in 0.0073964 seconds
Number of updated asset objects reloaded before import = 0Number of asset objects unloaded after import = 3

========================================================================
Received Import Request.
  Time since last request: 0.000022 seconds.
  path: Assets/Sprites/Decorations/Wall_Tiles_303.asset
  artifactKey: Guid(9e1e701444fdf87499836965767ad7c6) Importer(815301076,1909f56bfc062723c751e8b465ee728b)
Start importing Assets/Sprites/Decorations/Wall_Tiles_303.asset using Guid(9e1e701444fdf87499836965767ad7c6) Importer(815301076,1909f56bfc062723c751e8b465ee728b) (PreviewImporter) -> (artifact id: '06dd92b5ea7f9bec8c1a04595b7e0789') in 0.0249184 seconds
Number of updated asset objects reloaded before import = 0Number of asset objects unloaded after import = 3

========================================================================
Received Import Request.
  Time since last request: 0.000026 seconds.
  path: Assets/Sprites/Decorations/Wall_Tiles_330.asset
  artifactKey: Guid(a6633f14eac212a4eaf9abc3c5c9c14a) Importer(815301076,1909f56bfc062723c751e8b465ee728b)
Start importing Assets/Sprites/Decorations/Wall_Tiles_330.asset using Guid(a6633f14eac212a4eaf9abc3c5c9c14a) Importer(815301076,1909f56bfc062723c751e8b465ee728b) (PreviewImporter) -> (artifact id: '2cdbfdad603c06004db005b26584f04d') in 0.0109157 seconds
Number of updated asset objects reloaded before import = 0Number of asset objects unloaded after import = 3

========================================================================
Received Import Request.
  Time since last request: 0.000039 seconds.
  path: Assets/Sprites/Decorations/Wall_Tiles_285.asset
  artifactKey: Guid(d09932e1a5fcbf84f84b9377ed8dc36a) Importer(815301076,1909f56bfc062723c751e8b465ee728b)
Start importing Assets/Sprites/Decorations/Wall_Tiles_285.asset using Guid(d09932e1a5fcbf84f84b9377ed8dc36a) Importer(815301076,1909f56bfc062723c751e8b465ee728b) (PreviewImporter) -> (artifact id: '74ab9b46f858d93c817398107aaa0aa2') in 0.0362711 seconds
Number of updated asset objects reloaded before import = 0Number of asset objects unloaded after import = 3

========================================================================
Received Import Request.
  Time since last request: 0.000019 seconds.
  path: Assets/Sprites/Decorations/Wall_Tiles_341.asset
  artifactKey: Guid(c4e179a7b34c6ae41b73c8578db36b87) Importer(815301076,1909f56bfc062723c751e8b465ee728b)
Start importing Assets/Sprites/Decorations/Wall_Tiles_341.asset using Guid(c4e179a7b34c6ae41b73c8578db36b87) Importer(815301076,1909f56bfc062723c751e8b465ee728b) (PreviewImporter) -> (artifact id: '31a71aa3c67ea8906d704c543f128f0c') in 0.0293333 seconds
Number of updated asset objects reloaded before import = 0Number of asset objects unloaded after import = 3

========================================================================
Received Import Request.
  Time since last request: 0.000018 seconds.
  path: Assets/Sprites/Decorations/Wall_Tiles_391.asset
  artifactKey: Guid(38327c39865692e4aa78352022be1d96) Importer(815301076,1909f56bfc062723c751e8b465ee728b)
Start importing Assets/Sprites/Decorations/Wall_Tiles_391.asset using Guid(38327c39865692e4aa78352022be1d96) Importer(815301076,1909f56bfc062723c751e8b465ee728b) (PreviewImporter) -> (artifact id: '92f1ea88f96fa49831c6dc80891cc263') in 0.0251689 seconds
Number of updated asset objects reloaded before import = 0Number of asset objects unloaded after import = 3

========================================================================
Received Import Request.
  Time since last request: 0.000023 seconds.
  path: Assets/Sprites/Decorations/Wall_Tiles_331.asset
  artifactKey: Guid(d05e65f7448a60e49baebd1d04018a14) Importer(815301076,1909f56bfc062723c751e8b465ee728b)
Start importing Assets/Sprites/Decorations/Wall_Tiles_331.asset using Guid(d05e65f7448a60e49baebd1d04018a14) Importer(815301076,1909f56bfc062723c751e8b465ee728b) (PreviewImporter) -> (artifact id: '00f831da88c49eb91eeae3e7323fca3a') in 0.0223051 seconds
Number of updated asset objects reloaded before import = 0Number of asset objects unloaded after import = 3

========================================================================
Received Import Request.
  Time since last request: 0.000022 seconds.
  path: Assets/Sprites/Decorations/Wall_Tiles_343.asset
  artifactKey: Guid(cdc6250c1ac83af49a36f51b06c29e05) Importer(815301076,1909f56bfc062723c751e8b465ee728b)
Start importing Assets/Sprites/Decorations/Wall_Tiles_343.asset using Guid(cdc6250c1ac83af49a36f51b06c29e05) Importer(815301076,1909f56bfc062723c751e8b465ee728b) (PreviewImporter) -> (artifact id: '0c2d71af51e4b2ef3523e59396698ce5') in 0.0073946 seconds
Number of updated asset objects reloaded before import = 0Number of asset objects unloaded after import = 3

========================================================================
Received Import Request.
  Time since last request: 0.000028 seconds.
  path: Assets/Sprites/Decorations/Wall_Tiles_318.asset
  artifactKey: Guid(b1984c2c1ed58f84aae22ad5537e44e3) Importer(815301076,1909f56bfc062723c751e8b465ee728b)
Start importing Assets/Sprites/Decorations/Wall_Tiles_318.asset using Guid(b1984c2c1ed58f84aae22ad5537e44e3) Importer(815301076,1909f56bfc062723c751e8b465ee728b) (PreviewImporter) -> (artifact id: 'c99a3e0808be0630fce9edfbd35d1230') in 0.0227568 seconds
Number of updated asset objects reloaded before import = 0Number of asset objects unloaded after import = 3

========================================================================
Received Import Request.
  Time since last request: 0.000018 seconds.
  path: Assets/Sprites/Decorations/Wall_Tiles_136.asset
  artifactKey: Guid(6f321a9e5fc13de4a9a628ce235e957d) Importer(815301076,1909f56bfc062723c751e8b465ee728b)
Start importing Assets/Sprites/Decorations/Wall_Tiles_136.asset using Guid(6f321a9e5fc13de4a9a628ce235e957d) Importer(815301076,1909f56bfc062723c751e8b465ee728b) (PreviewImporter) -> (artifact id: 'a871e07d2b1171fcb12ed87d8a6dc057') in 0.0068066 seconds
Number of updated asset objects reloaded before import = 0Number of asset objects unloaded after import = 3

========================================================================
Received Import Request.
  Time since last request: 0.000022 seconds.
  path: Assets/Sprites/Decorations/Wall_Tiles_261.asset
  artifactKey: Guid(a8ef032ccb8f0fb4eb191542bbb93c2a) Importer(815301076,1909f56bfc062723c751e8b465ee728b)
Start importing Assets/Sprites/Decorations/Wall_Tiles_261.asset using Guid(a8ef032ccb8f0fb4eb191542bbb93c2a) Importer(815301076,1909f56bfc062723c751e8b465ee728b) (PreviewImporter) -> (artifact id: '681d151c93ad39e785e9d87685ac2117') in 0.010079 seconds
Number of updated asset objects reloaded before import = 0Number of asset objects unloaded after import = 3

========================================================================
Received Import Request.
  Time since last request: 0.000018 seconds.
  path: Assets/Sprites/Decorations/Wall_Tiles_152.asset
  artifactKey: Guid(ab6a92517862f6c4fbfd13e475afc80d) Importer(815301076,1909f56bfc062723c751e8b465ee728b)
Start importing Assets/Sprites/Decorations/Wall_Tiles_152.asset using Guid(ab6a92517862f6c4fbfd13e475afc80d) Importer(815301076,1909f56bfc062723c751e8b465ee728b) (PreviewImporter) -> (artifact id: '63136b6d63231da76c970d9c75edeb79') in 0.0072839 seconds
Number of updated asset objects reloaded before import = 0Number of asset objects unloaded after import = 3

========================================================================
Received Import Request.
  Time since last request: 0.000023 seconds.
  path: Assets/Sprites/Decorations/Wall_Tiles_323.asset
  artifactKey: Guid(894d59d98f1626d49b75bc6d6a54649f) Importer(815301076,1909f56bfc062723c751e8b465ee728b)
Start importing Assets/Sprites/Decorations/Wall_Tiles_323.asset using Guid(894d59d98f1626d49b75bc6d6a54649f) Importer(815301076,1909f56bfc062723c751e8b465ee728b) (PreviewImporter) -> (artifact id: '96f8f0c75dee96d371d8a104b16da31d') in 0.0058743 seconds
Number of updated asset objects reloaded before import = 0Number of asset objects unloaded after import = 3

========================================================================
Received Import Request.
  Time since last request: 0.000018 seconds.
  path: Assets/Sprites/Decorations/Wall_Tiles_385.asset
  artifactKey: Guid(6ccbedae2ff4b3548bd8dd05caa2c3dd) Importer(815301076,1909f56bfc062723c751e8b465ee728b)
Start importing Assets/Sprites/Decorations/Wall_Tiles_385.asset using Guid(6ccbedae2ff4b3548bd8dd05caa2c3dd) Importer(815301076,1909f56bfc062723c751e8b465ee728b) (PreviewImporter) -> (artifact id: 'fe662e363fe0e9b21d1d8fe544702cb9') in 0.0237881 seconds
Number of updated asset objects reloaded before import = 0Number of asset objects unloaded after import = 3

========================================================================
Received Import Request.
  Time since last request: 0.000019 seconds.
  path: Assets/Sprites/Decorations/Wall_Tiles_95.asset
  artifactKey: Guid(fc985222e5e08f341ad9970d43ce86c3) Importer(815301076,1909f56bfc062723c751e8b465ee728b)
Start importing Assets/Sprites/Decorations/Wall_Tiles_95.asset using Guid(fc985222e5e08f341ad9970d43ce86c3) Importer(815301076,1909f56bfc062723c751e8b465ee728b) (PreviewImporter) -> (artifact id: '23806ca3901f7a92db65924be7d73a9d') in 0.0256754 seconds
Number of updated asset objects reloaded before import = 0Number of asset objects unloaded after import = 3

========================================================================
Received Import Request.
  Time since last request: 0.000038 seconds.
  path: Assets/Sprites/Decorations/Wall_Tiles_216.asset
  artifactKey: Guid(dc31621336e2b72478b321950ec357b7) Importer(815301076,1909f56bfc062723c751e8b465ee728b)
Start importing Assets/Sprites/Decorations/Wall_Tiles_216.asset using Guid(dc31621336e2b72478b321950ec357b7) Importer(815301076,1909f56bfc062723c751e8b465ee728b) (PreviewImporter) -> (artifact id: '98de760cc340a9aa503982f5fae1c0c1') in 0.0240981 seconds
Number of updated asset objects reloaded before import = 0Number of asset objects unloaded after import = 3

========================================================================
Received Import Request.
  Time since last request: 0.000014 seconds.
  path: Assets/Sprites/Decorations/Wall_Tiles_137.asset
  artifactKey: Guid(f38868881e04cc0499a8abd0b31a019d) Importer(815301076,1909f56bfc062723c751e8b465ee728b)
Start importing Assets/Sprites/Decorations/Wall_Tiles_137.asset using Guid(f38868881e04cc0499a8abd0b31a019d) Importer(815301076,1909f56bfc062723c751e8b465ee728b) (PreviewImporter) -> (artifact id: 'd8db6bf8277fda12fd7bfe4520e383be') in 0.0260491 seconds
Number of updated asset objects reloaded before import = 0Number of asset objects unloaded after import = 3

========================================================================
Received Import Request.
  Time since last request: 0.000016 seconds.
  path: Assets/Sprites/Decorations/Wall_Tiles_94.asset
  artifactKey: Guid(4531d62243388e3438df4d0247b7756a) Importer(815301076,1909f56bfc062723c751e8b465ee728b)
Start importing Assets/Sprites/Decorations/Wall_Tiles_94.asset using Guid(4531d62243388e3438df4d0247b7756a) Importer(815301076,1909f56bfc062723c751e8b465ee728b) (PreviewImporter) -> (artifact id: 'cca77f233881a2cf40ca577e77bda0d5') in 0.0245853 seconds
Number of updated asset objects reloaded before import = 0Number of asset objects unloaded after import = 3

========================================================================
Received Import Request.
  Time since last request: 0.000016 seconds.
  path: Assets/Sprites/Decorations/Wall_Tiles_309.asset
  artifactKey: Guid(62d1ae11fbae41245a1f7730fed2f959) Importer(815301076,1909f56bfc062723c751e8b465ee728b)
Start importing Assets/Sprites/Decorations/Wall_Tiles_309.asset using Guid(62d1ae11fbae41245a1f7730fed2f959) Importer(815301076,1909f56bfc062723c751e8b465ee728b) (PreviewImporter) -> (artifact id: '0768e9e41aa072971d09f9b45a1add17') in 0.0235049 seconds
Number of updated asset objects reloaded before import = 0Number of asset objects unloaded after import = 3

========================================================================
Received Import Request.
  Time since last request: 0.000018 seconds.
  path: Assets/Sprites/Decorations/Wall_Tiles_386.asset
  artifactKey: Guid(b9dd1fcad19f2714cb343321d7c1f2e5) Importer(815301076,1909f56bfc062723c751e8b465ee728b)
Start importing Assets/Sprites/Decorations/Wall_Tiles_386.asset using Guid(b9dd1fcad19f2714cb343321d7c1f2e5) Importer(815301076,1909f56bfc062723c751e8b465ee728b) (PreviewImporter) -> (artifact id: '01ce015799b344f2823bd5912ab2f868') in 0.0075119 seconds
Number of updated asset objects reloaded before import = 0Number of asset objects unloaded after import = 3

========================================================================
Received Import Request.
  Time since last request: 0.000022 seconds.
  path: Assets/Sprites/Decorations/Wall_Tiles_254.asset
  artifactKey: Guid(dbf9a51e5c66f2a49a5855f1e5a3a3f0) Importer(815301076,1909f56bfc062723c751e8b465ee728b)
Start importing Assets/Sprites/Decorations/Wall_Tiles_254.asset using Guid(dbf9a51e5c66f2a49a5855f1e5a3a3f0) Importer(815301076,1909f56bfc062723c751e8b465ee728b) (PreviewImporter) -> (artifact id: '8a48af7975b1c2b0b240dedfdb0d75aa') in 0.0073934 seconds
Number of updated asset objects reloaded before import = 0Number of asset objects unloaded after import = 3

========================================================================
Received Import Request.
  Time since last request: 0.000033 seconds.
  path: Assets/Sprites/Decorations/Wall_Tiles_237.asset
  artifactKey: Guid(35ae4b6f0cb16a240b98863110c0b5ad) Importer(815301076,1909f56bfc062723c751e8b465ee728b)
Start importing Assets/Sprites/Decorations/Wall_Tiles_237.asset using Guid(35ae4b6f0cb16a240b98863110c0b5ad) Importer(815301076,1909f56bfc062723c751e8b465ee728b) (PreviewImporter) -> (artifact id: '6c6b3f3cb11d9e70e764e79cfebb9037') in 0.0082701 seconds
Number of updated asset objects reloaded before import = 0Number of asset objects unloaded after import = 3

========================================================================
Received Import Request.
  Time since last request: 0.000019 seconds.
  path: Assets/Sprites/Decorations/Wall_Tiles_338.asset
  artifactKey: Guid(1fbe563fa561ad34e8283c3c379d3afb) Importer(815301076,1909f56bfc062723c751e8b465ee728b)
Start importing Assets/Sprites/Decorations/Wall_Tiles_338.asset using Guid(1fbe563fa561ad34e8283c3c379d3afb) Importer(815301076,1909f56bfc062723c751e8b465ee728b) (PreviewImporter) -> (artifact id: 'b78b88a4bb344ef1a2f6bec2ddc7d538') in 0.0074091 seconds
Number of updated asset objects reloaded before import = 0Number of asset objects unloaded after import = 3

========================================================================
Received Import Request.
  Time since last request: 0.000016 seconds.
  path: Assets/Sprites/Decorations/Wall_Tiles_145.asset
  artifactKey: Guid(3731b985f3642e144a05f0ead8b838ef) Importer(815301076,1909f56bfc062723c751e8b465ee728b)
Start importing Assets/Sprites/Decorations/Wall_Tiles_145.asset using Guid(3731b985f3642e144a05f0ead8b838ef) Importer(815301076,1909f56bfc062723c751e8b465ee728b) (PreviewImporter) -> (artifact id: '8547a2d47307ce656b49cbe80501a523') in 0.0227412 seconds
Number of updated asset objects reloaded before import = 0Number of asset objects unloaded after import = 3

========================================================================
Received Import Request.
  Time since last request: 0.000018 seconds.
  path: Assets/Sprites/Decorations/Wall_Tiles_185.asset
  artifactKey: Guid(0fc987451d30d9f4a81e16cd9d45e2f9) Importer(815301076,1909f56bfc062723c751e8b465ee728b)
Start importing Assets/Sprites/Decorations/Wall_Tiles_185.asset using Guid(0fc987451d30d9f4a81e16cd9d45e2f9) Importer(815301076,1909f56bfc062723c751e8b465ee728b) (PreviewImporter) -> (artifact id: 'c23de8ef8b63e7ff4629abc135e0a60f') in 0.0244735 seconds
Number of updated asset objects reloaded before import = 0Number of asset objects unloaded after import = 3

========================================================================
Received Import Request.
  Time since last request: 0.000036 seconds.
  path: Assets/Sprites/Decorations/Wall_Tiles_202.asset
  artifactKey: Guid(92f45317e134db24c97b199ff411d83f) Importer(815301076,1909f56bfc062723c751e8b465ee728b)
Start importing Assets/Sprites/Decorations/Wall_Tiles_202.asset using Guid(92f45317e134db24c97b199ff411d83f) Importer(815301076,1909f56bfc062723c751e8b465ee728b) (PreviewImporter) -> (artifact id: 'a69daf992e2011be098f8a79a2d07b87') in 0.0217371 seconds
Number of updated asset objects reloaded before import = 0Number of asset objects unloaded after import = 3

========================================================================
Received Import Request.
  Time since last request: 0.000023 seconds.
  path: Assets/Sprites/Decorations/Wall_Tiles_371.asset
  artifactKey: Guid(41e76e5186796b342a0c582f1b6b8606) Importer(815301076,1909f56bfc062723c751e8b465ee728b)
Start importing Assets/Sprites/Decorations/Wall_Tiles_371.asset using Guid(41e76e5186796b342a0c582f1b6b8606) Importer(815301076,1909f56bfc062723c751e8b465ee728b) (PreviewImporter) -> (artifact id: 'bb90df09e68da933b0fbf24ccb8c6c8a') in 0.0241309 seconds
Number of updated asset objects reloaded before import = 0Number of asset objects unloaded after import = 3

========================================================================
Received Import Request.
  Time since last request: 0.000031 seconds.
  path: Assets/Sprites/Decorations/Wall_Tiles_393.asset
  artifactKey: Guid(149b428961506ce43a23ee7595432f5a) Importer(815301076,1909f56bfc062723c751e8b465ee728b)
Start importing Assets/Sprites/Decorations/Wall_Tiles_393.asset using Guid(149b428961506ce43a23ee7595432f5a) Importer(815301076,1909f56bfc062723c751e8b465ee728b) (PreviewImporter) -> (artifact id: '4892cd6cade88cb3ff321394edc82159') in 0.0078018 seconds
Number of updated asset objects reloaded before import = 0Number of asset objects unloaded after import = 3

========================================================================
Received Import Request.
  Time since last request: 0.000017 seconds.
  path: Assets/Sprites/Decorations/Wall_Tiles_222.asset
  artifactKey: Guid(83b890b5eefd4324b9908fdf40f628c4) Importer(815301076,1909f56bfc062723c751e8b465ee728b)
Start importing Assets/Sprites/Decorations/Wall_Tiles_222.asset using Guid(83b890b5eefd4324b9908fdf40f628c4) Importer(815301076,1909f56bfc062723c751e8b465ee728b) (PreviewImporter) -> (artifact id: 'f4a3554f0b43ea7791c8e273c78d14ff') in 0.0212559 seconds
Number of updated asset objects reloaded before import = 0Number of asset objects unloaded after import = 3

========================================================================
Received Import Request.
  Time since last request: 0.000017 seconds.
  path: Assets/Sprites/Decorations/Wall_Tiles_232.asset
  artifactKey: Guid(06b1d5bb7bab5c646a6533cde7896788) Importer(815301076,1909f56bfc062723c751e8b465ee728b)
Start importing Assets/Sprites/Decorations/Wall_Tiles_232.asset using Guid(06b1d5bb7bab5c646a6533cde7896788) Importer(815301076,1909f56bfc062723c751e8b465ee728b) (PreviewImporter) -> (artifact id: '1876c69d3f4a996eef1182fba899bd48') in 0.0213162 seconds
Number of updated asset objects reloaded before import = 0Number of asset objects unloaded after import = 3

========================================================================
Received Import Request.
  Time since last request: 0.000026 seconds.
  path: Assets/Sprites/Decorations/Wall_Tiles_171.asset
  artifactKey: Guid(af3c97680c5969544a2e2b7460ed951e) Importer(815301076,1909f56bfc062723c751e8b465ee728b)
Start importing Assets/Sprites/Decorations/Wall_Tiles_171.asset using Guid(af3c97680c5969544a2e2b7460ed951e) Importer(815301076,1909f56bfc062723c751e8b465ee728b) (PreviewImporter) -> (artifact id: '59f4d6b501450365e4b3c3391d9fbaca') in 0.0072514 seconds
Number of updated asset objects reloaded before import = 0Number of asset objects unloaded after import = 3

========================================================================
Received Import Request.
  Time since last request: 0.000020 seconds.
  path: Assets/Sprites/Decorations/Wall_Tiles_97.asset
  artifactKey: Guid(b05d86ca064bb034a8dd17baac51b4ba) Importer(815301076,1909f56bfc062723c751e8b465ee728b)
Start importing Assets/Sprites/Decorations/Wall_Tiles_97.asset using Guid(b05d86ca064bb034a8dd17baac51b4ba) Importer(815301076,1909f56bfc062723c751e8b465ee728b) (PreviewImporter) -> (artifact id: '684be4b073153304d764358979790b24') in 0.0245695 seconds
Number of updated asset objects reloaded before import = 0Number of asset objects unloaded after import = 3

========================================================================
Received Import Request.
  Time since last request: 0.000022 seconds.
  path: Assets/Sprites/Decorations/Wall_Tiles_394.asset
  artifactKey: Guid(1ea4c299380bf6543b8436789d1e6381) Importer(815301076,1909f56bfc062723c751e8b465ee728b)
Start importing Assets/Sprites/Decorations/Wall_Tiles_394.asset using Guid(1ea4c299380bf6543b8436789d1e6381) Importer(815301076,1909f56bfc062723c751e8b465ee728b) (PreviewImporter) -> (artifact id: '762a3e7e416ff958e1e0a38188ba65e5') in 0.0257231 seconds
Number of updated asset objects reloaded before import = 0Number of asset objects unloaded after import = 3

========================================================================
Received Import Request.
  Time since last request: 0.000031 seconds.
  path: Assets/Sprites/Decorations/Wall_Tiles_127.asset
  artifactKey: Guid(3f95ab7651835a748a07472052514971) Importer(815301076,1909f56bfc062723c751e8b465ee728b)
Start importing Assets/Sprites/Decorations/Wall_Tiles_127.asset using Guid(3f95ab7651835a748a07472052514971) Importer(815301076,1909f56bfc062723c751e8b465ee728b) (PreviewImporter) -> (artifact id: '902ad7f178cf651236a0c4a7d3bf1ab5') in 0.0099667 seconds
Number of updated asset objects reloaded before import = 0Number of asset objects unloaded after import = 3

========================================================================
Received Import Request.
  Time since last request: 0.000021 seconds.
  path: Assets/Sprites/Decorations/Wall_Tiles_299.asset
  artifactKey: Guid(b89683733c481874a9ae0da244afe59d) Importer(815301076,1909f56bfc062723c751e8b465ee728b)
Start importing Assets/Sprites/Decorations/Wall_Tiles_299.asset using Guid(b89683733c481874a9ae0da244afe59d) Importer(815301076,1909f56bfc062723c751e8b465ee728b) (PreviewImporter) -> (artifact id: 'a6f3b6656e0acaf59f1cf1337fcc2ffe') in 0.022346 seconds
Number of updated asset objects reloaded before import = 0Number of asset objects unloaded after import = 3

========================================================================
Received Import Request.
  Time since last request: 0.000018 seconds.
  path: Assets/Sprites/Decorations/Wall_Tiles_399.asset
  artifactKey: Guid(4221be96164a3ce4ea64406cf1f4620d) Importer(815301076,1909f56bfc062723c751e8b465ee728b)
Start importing Assets/Sprites/Decorations/Wall_Tiles_399.asset using Guid(4221be96164a3ce4ea64406cf1f4620d) Importer(815301076,1909f56bfc062723c751e8b465ee728b) (PreviewImporter) -> (artifact id: 'aa3e4952362b383f40f1ac40ac5fa21a') in 0.0227012 seconds
Number of updated asset objects reloaded before import = 0Number of asset objects unloaded after import = 3

========================================================================
Received Import Request.
  Time since last request: 0.000018 seconds.
  path: Assets/Sprites/Decorations/Wall_Tiles_302.asset
  artifactKey: Guid(3f7769b1890c829408d729a2bca84df3) Importer(815301076,1909f56bfc062723c751e8b465ee728b)
Start importing Assets/Sprites/Decorations/Wall_Tiles_302.asset using Guid(3f7769b1890c829408d729a2bca84df3) Importer(815301076,1909f56bfc062723c751e8b465ee728b) (PreviewImporter) -> (artifact id: '5860467bf0033e501c54fcd44bd644b4') in 0.0233353 seconds
Number of updated asset objects reloaded before import = 0Number of asset objects unloaded after import = 3

========================================================================
Received Import Request.
  Time since last request: 0.000017 seconds.
  path: Assets/Sprites/Decorations/Wall_Tiles_378.asset
  artifactKey: Guid(3f2dbf738c2d1b5488e8415023d59080) Importer(815301076,1909f56bfc062723c751e8b465ee728b)
Start importing Assets/Sprites/Decorations/Wall_Tiles_378.asset using Guid(3f2dbf738c2d1b5488e8415023d59080) Importer(815301076,1909f56bfc062723c751e8b465ee728b) (PreviewImporter) -> (artifact id: 'b4be05b7b6ca64160ea3ebf6e994625d') in 0.022835 seconds
Number of updated asset objects reloaded before import = 0Number of asset objects unloaded after import = 3

========================================================================
Received Import Request.
  Time since last request: 0.000019 seconds.
  path: Assets/Sprites/Decorations/Wall_Tiles_364.asset
  artifactKey: Guid(35187d2856dac4348ada77b69209cf4f) Importer(815301076,1909f56bfc062723c751e8b465ee728b)
Start importing Assets/Sprites/Decorations/Wall_Tiles_364.asset using Guid(35187d2856dac4348ada77b69209cf4f) Importer(815301076,1909f56bfc062723c751e8b465ee728b) (PreviewImporter) -> (artifact id: '91686f30cc0583e827c009b26499a824') in 0.0074835 seconds
Number of updated asset objects reloaded before import = 0Number of asset objects unloaded after import = 3

Editor requested this worker to shutdown with reason: Scaling down because of idle timeout
AssetImportWorker is now disconnected from the server
Process exiting
Exiting without the bug reporter. Application will terminate with return code 0