Using pre-set license
Built from '6000.0/staging' branch; Version is '6000.0.47f1 (2ad1ed33fd3b) revision 2806253'; Using compiler version '193933523'; Build Type 'Release'
OS: 'Windows 11  (10.0.22631) 64bit Core' Language: 'ru' Physical Memory: 14029 MB
BatchMode: 1, IsHumanControllingUs: 0, StartBugReporterOnCrash: 0, Is64bit: 1, IsPro: 1

COMMAND LINE ARGUMENTS:
C:\Program Files\Unity\Hub\Editor\6000.0.47f1\Editor\Unity.exe
-adb2
-batchMode
-noUpm
-name
AssetImportWorker5
-projectPath
C:/Users/HP/Documents/GitHub/Unity_game
-logFile
Logs/AssetImportWorker5.log
-srvPort
63670
-job-worker-count
9
-background-job-worker-count
8
-gc-helper-count
1
Successfully changed project path to: C:/Users/HP/Documents/GitHub/Unity_game
C:/Users/HP/Documents/GitHub/Unity_game
[UnityMemory] Configuration Parameters - Can be set up in boot.config
    "memorysetup-bucket-allocator-granularity=16"
    "memorysetup-bucket-allocator-bucket-count=8"
    "memorysetup-bucket-allocator-block-size=33554432"
    "memorysetup-bucket-allocator-block-count=8"
    "memorysetup-main-allocator-block-size=16777216"
    "memorysetup-thread-allocator-block-size=16777216"
    "memorysetup-gfx-main-allocator-block-size=16777216"
    "memorysetup-gfx-thread-allocator-block-size=16777216"
    "memorysetup-cache-allocator-block-size=4194304"
    "memorysetup-typetree-allocator-block-size=2097152"
    "memorysetup-profiler-bucket-allocator-granularity=16"
    "memorysetup-profiler-bucket-allocator-bucket-count=8"
    "memorysetup-profiler-bucket-allocator-block-size=33554432"
    "memorysetup-profiler-bucket-allocator-block-count=8"
    "memorysetup-profiler-allocator-block-size=16777216"
    "memorysetup-profiler-editor-allocator-block-size=1048576"
    "memorysetup-temp-allocator-size-main=16777216"
    "memorysetup-job-temp-allocator-block-size=2097152"
    "memorysetup-job-temp-allocator-block-size-background=1048576"
    "memorysetup-job-temp-allocator-reduction-small-platforms=262144"
    "memorysetup-allocator-temp-initial-block-size-main=262144"
    "memorysetup-allocator-temp-initial-block-size-worker=262144"
    "memorysetup-temp-allocator-size-background-worker=32768"
    "memorysetup-temp-allocator-size-job-worker=262144"
    "memorysetup-temp-allocator-size-preload-manager=33554432"
    "memorysetup-temp-allocator-size-nav-mesh-worker=65536"
    "memorysetup-temp-allocator-size-audio-worker=65536"
    "memorysetup-temp-allocator-size-cloud-worker=32768"
    "memorysetup-temp-allocator-size-gi-baking-worker=262144"
    "memorysetup-temp-allocator-size-gi-baking-worker=262144"
    "memorysetup-temp-allocator-size-gi-baking-worker=262144"
    "memorysetup-temp-allocator-size-gi-baking-worker=262144"
    "memorysetup-temp-allocator-size-gi-baking-worker=262144"
    "memorysetup-temp-allocator-size-gfx=262144"
Player connection [28552]  Target information:

Player connection [28552]  * "[IP] 192.168.0.155 [Port] 0 [Flags] 2 [Guid] 751159320 [EditorId] 751159320 [Version] 1048832 [Id] WindowsEditor(7,DESKTOP-LVLHDUN) [Debug] 1 [PackageName] WindowsEditor [ProjectName] Editor" 

Player connection [28552] Host joined multi-casting on [225.0.0.222:54997]...
Player connection [28552] Host joined alternative multi-casting on [225.0.0.222:34997]...
JobSystem: Creating JobQueue using job-worker-count value 9
Input System module state changed to: Initialized.
[Physics::Module] Initialized fallback backend.
[Physics::Module] Id: 0xdecafbad
Library Redirect Path: Library/
[Physics::Module] Selected backend.
[Physics::Module] Name: PhysX
[Physics::Module] Id: 0xf2b8ea05
[Physics::Module] SDK Version: 4.1.2
[Physics::Module] Integration Version: 1.0.0
[Physics::Module] Threading Mode: Multi-Threaded
Refreshing native plugins compatible for Editor in 2.49 ms, found 4 plugins.
Preloading 0 native plugins for Editor in 0.00 ms.
Initialize engine version: 6000.0.47f1 (2ad1ed33fd3b)
[Subsystems] Discovering subsystems at path C:/Program Files/Unity/Hub/Editor/6000.0.47f1/Editor/Data/Resources/UnitySubsystems
[Subsystems] Discovering subsystems at path C:/Users/HP/Documents/GitHub/Unity_game/Assets
GfxDevice: creating device client; kGfxThreadingModeNonThreaded
Direct3D:
    Version:  Direct3D 11.0 [level 11.1]
    Renderer: NVIDIA GeForce RTX 4060 Laptop GPU (ID=0x28e0)
    Vendor:   NVIDIA
    VRAM:     7957 MB
    Driver:   32.0.15.5613
Initialize mono
Mono path[0] = 'C:/Program Files/Unity/Hub/Editor/6000.0.47f1/Editor/Data/Managed'
Mono path[1] = 'C:/Program Files/Unity/Hub/Editor/6000.0.47f1/Editor/Data/MonoBleedingEdge/lib/mono/unityjit-win32'
Mono config path = 'C:/Program Files/Unity/Hub/Editor/6000.0.47f1/Editor/Data/MonoBleedingEdge/etc'
Using monoOptions --debugger-agent=transport=dt_socket,embedding=1,server=y,suspend=n,address=127.0.0.1:56128
Begin MonoManager ReloadAssembly
Registering precompiled unity dll's ...
Register platform support module: C:/Program Files/Unity/Hub/Editor/6000.0.47f1/Editor/Data/PlaybackEngines/WindowsStandaloneSupport/UnityEditor.WindowsStandalone.Extensions.dll
Registered in 0.005210 seconds.
- Loaded All Assemblies, in  0.586 seconds
Native extension for WindowsStandalone target not found
Mono: successfully reloaded assembly
- Finished resetting the current domain, in  0.486 seconds
Domain Reload Profiling: 1070ms
	BeginReloadAssembly (167ms)
		ExecutionOrderSort (0ms)
		DisableScriptedObjects (0ms)
		BackupInstance (0ms)
		ReleaseScriptingObjects (0ms)
		CreateAndSetChildDomain (1ms)
	RebuildCommonClasses (63ms)
	RebuildNativeTypeToScriptingClass (16ms)
	initialDomainReloadingComplete (83ms)
	LoadAllAssembliesAndSetupDomain (255ms)
		LoadAssemblies (165ms)
		RebuildTransferFunctionScriptingTraits (0ms)
		AnalyzeDomain (251ms)
			TypeCache.Refresh (249ms)
				TypeCache.ScanAssembly (227ms)
			BuildScriptInfoCaches (0ms)
			ResolveRequiredComponents (1ms)
	FinalizeReload (487ms)
		ReleaseScriptCaches (0ms)
		RebuildScriptCaches (0ms)
		SetupLoadedEditorAssemblies (421ms)
			LogAssemblyErrors (0ms)
			InitializePlatformSupportModulesInManaged (28ms)
			SetLoadedEditorAssemblies (6ms)
			BeforeProcessingInitializeOnLoad (89ms)
			ProcessInitializeOnLoadAttributes (218ms)
			ProcessInitializeOnLoadMethodAttributes (79ms)
			AfterProcessingInitializeOnLoad (0ms)
			EditorAssembliesLoaded (0ms)
		ExecutionOrderSort2 (0ms)
		AwakeInstancesAfterBackupRestoration (0ms)
========================================================================
Worker process is ready to serve import requests
Import Worker Mode flag is 0x00
Begin MonoManager ReloadAssembly
- Loaded All Assemblies, in  1.094 seconds
Refreshing native plugins compatible for Editor in 1.62 ms, found 4 plugins.
Native extension for WindowsStandalone target not found
Mono: successfully reloaded assembly
- Finished resetting the current domain, in  1.055 seconds
Domain Reload Profiling: 2144ms
	BeginReloadAssembly (213ms)
		ExecutionOrderSort (0ms)
		DisableScriptedObjects (8ms)
		BackupInstance (0ms)
		ReleaseScriptingObjects (0ms)
		CreateAndSetChildDomain (31ms)
	RebuildCommonClasses (44ms)
	RebuildNativeTypeToScriptingClass (12ms)
	initialDomainReloadingComplete (48ms)
	LoadAllAssembliesAndSetupDomain (771ms)
		LoadAssemblies (542ms)
		RebuildTransferFunctionScriptingTraits (0ms)
		AnalyzeDomain (359ms)
			TypeCache.Refresh (245ms)
				TypeCache.ScanAssembly (227ms)
			BuildScriptInfoCaches (96ms)
			ResolveRequiredComponents (15ms)
	FinalizeReload (1056ms)
		ReleaseScriptCaches (0ms)
		RebuildScriptCaches (0ms)
		SetupLoadedEditorAssemblies (860ms)
			LogAssemblyErrors (0ms)
			InitializePlatformSupportModulesInManaged (3ms)
			SetLoadedEditorAssemblies (4ms)
			BeforeProcessingInitializeOnLoad (129ms)
			ProcessInitializeOnLoadAttributes (548ms)
			ProcessInitializeOnLoadMethodAttributes (170ms)
			AfterProcessingInitializeOnLoad (6ms)
			EditorAssembliesLoaded (0ms)
		ExecutionOrderSort2 (0ms)
		AwakeInstancesAfterBackupRestoration (7ms)
Launched and connected shader compiler UnityShaderCompiler.exe after 0.02 seconds
Refreshing native plugins compatible for Editor in 2.46 ms, found 4 plugins.
Preloading 0 native plugins for Editor in 0.00 ms.
Unloading 220 Unused Serialized files (Serialized files now loaded: 0)
Unloading 6717 unused Assets / (7.4 MB). Loaded Objects now: 7402.
Memory consumption went from 194.1 MB to 186.7 MB.
Total: 9.458100 ms (FindLiveObjects: 0.590900 ms CreateObjectMapping: 0.538600 ms MarkObjects: 4.765500 ms  DeleteObjects: 3.557200 ms)

========================================================================
Received Import Request.
  Time since last request: 123493.631650 seconds.
  path: Assets/Sprites/Decorations/Wall_Tiles_76.asset
  artifactKey: Guid(5676faa17658dcc4db730b21915ce532) Importer(815301076,1909f56bfc062723c751e8b465ee728b)
Start importing Assets/Sprites/Decorations/Wall_Tiles_76.asset using Guid(5676faa17658dcc4db730b21915ce532) Importer(815301076,1909f56bfc062723c751e8b465ee728b) (PreviewImporter) -> (artifact id: 'eae00521ff08453144f2e3237099a3ec') in 0.1417867 seconds
Number of updated asset objects reloaded before import = 0Number of asset objects unloaded after import = 3

========================================================================
Received Import Request.
  Time since last request: 0.000027 seconds.
  path: Assets/Sprites/Decorations/Wall_Tiles_109.asset
  artifactKey: Guid(e5c5b6fe45c88154287e96cd08519fa9) Importer(815301076,1909f56bfc062723c751e8b465ee728b)
Start importing Assets/Sprites/Decorations/Wall_Tiles_109.asset using Guid(e5c5b6fe45c88154287e96cd08519fa9) Importer(815301076,1909f56bfc062723c751e8b465ee728b) (PreviewImporter) -> (artifact id: '4d1d5528909e415075c1d533f2937074') in 0.0258737 seconds
Number of updated asset objects reloaded before import = 0Number of asset objects unloaded after import = 3

========================================================================
Received Import Request.
  Time since last request: 0.000028 seconds.
  path: Assets/Sprites/Decorations/Wall_Tiles_87.asset
  artifactKey: Guid(6823379a1aee4534180d4f83d4d47f44) Importer(815301076,1909f56bfc062723c751e8b465ee728b)
Start importing Assets/Sprites/Decorations/Wall_Tiles_87.asset using Guid(6823379a1aee4534180d4f83d4d47f44) Importer(815301076,1909f56bfc062723c751e8b465ee728b) (PreviewImporter) -> (artifact id: 'e1e3a63e1d3016b60e46a3982b4e97b9') in 0.0255026 seconds
Number of updated asset objects reloaded before import = 0Number of asset objects unloaded after import = 3

========================================================================
Received Import Request.
  Time since last request: 0.000023 seconds.
  path: Assets/Sprites/Decorations/Wall_Tiles_106.asset
  artifactKey: Guid(ece3ef76bcca7794b9200baee5160800) Importer(815301076,1909f56bfc062723c751e8b465ee728b)
Start importing Assets/Sprites/Decorations/Wall_Tiles_106.asset using Guid(ece3ef76bcca7794b9200baee5160800) Importer(815301076,1909f56bfc062723c751e8b465ee728b) (PreviewImporter) -> (artifact id: 'c376f1018cd558c02779a3c37ed68fee') in 0.0063454 seconds
Number of updated asset objects reloaded before import = 0Number of asset objects unloaded after import = 3

========================================================================
Received Import Request.
  Time since last request: 0.000017 seconds.
  path: Assets/Sprites/Decorations/Wall_Tiles_89.asset
  artifactKey: Guid(24d5920ad8e988049bb780860d0a71ec) Importer(815301076,1909f56bfc062723c751e8b465ee728b)
Start importing Assets/Sprites/Decorations/Wall_Tiles_89.asset using Guid(24d5920ad8e988049bb780860d0a71ec) Importer(815301076,1909f56bfc062723c751e8b465ee728b) (PreviewImporter) -> (artifact id: '2ddc5ab421ec3688b1c6f656b07b626c') in 0.0214565 seconds
Number of updated asset objects reloaded before import = 0Number of asset objects unloaded after import = 3

========================================================================
Received Import Request.
  Time since last request: 0.000017 seconds.
  path: Assets/Sprites/Decorations/Wall_Tiles_142.asset
  artifactKey: Guid(74160383e8973c24ab50ce9c2e669188) Importer(815301076,1909f56bfc062723c751e8b465ee728b)
Start importing Assets/Sprites/Decorations/Wall_Tiles_142.asset using Guid(74160383e8973c24ab50ce9c2e669188) Importer(815301076,1909f56bfc062723c751e8b465ee728b) (PreviewImporter) -> (artifact id: 'c6865c8125e1542d588e231d8e82cc8f') in 0.0247374 seconds
Number of updated asset objects reloaded before import = 0Number of asset objects unloaded after import = 3

========================================================================
Received Import Request.
  Time since last request: 0.000020 seconds.
  path: Assets/Sprites/Decorations/Wall_Tiles_153.asset
  artifactKey: Guid(b6432384be355874d9a8135819ed10b4) Importer(815301076,1909f56bfc062723c751e8b465ee728b)
Start importing Assets/Sprites/Decorations/Wall_Tiles_153.asset using Guid(b6432384be355874d9a8135819ed10b4) Importer(815301076,1909f56bfc062723c751e8b465ee728b) (PreviewImporter) -> (artifact id: '3d2cac1b50da8c4c435ef1d14d89be17') in 0.0078383 seconds
Number of updated asset objects reloaded before import = 0Number of asset objects unloaded after import = 3

========================================================================
Received Import Request.
  Time since last request: 0.000067 seconds.
  path: Assets/Sprites/Decorations/Wall_Tiles_188.asset
  artifactKey: Guid(fad9ff941acd9d745af8ddf011b37d1a) Importer(815301076,1909f56bfc062723c751e8b465ee728b)
Start importing Assets/Sprites/Decorations/Wall_Tiles_188.asset using Guid(fad9ff941acd9d745af8ddf011b37d1a) Importer(815301076,1909f56bfc062723c751e8b465ee728b) (PreviewImporter) -> (artifact id: '2e2246a09fa61bdac2840db3a80c84ca') in 0.0237755 seconds
Number of updated asset objects reloaded before import = 0Number of asset objects unloaded after import = 3

========================================================================
Received Import Request.
  Time since last request: 0.000026 seconds.
  path: Assets/Sprites/Decorations/Wall_Tiles_193.asset
  artifactKey: Guid(79c72b6abaf30f3439a560186514abbc) Importer(815301076,1909f56bfc062723c751e8b465ee728b)
Start importing Assets/Sprites/Decorations/Wall_Tiles_193.asset using Guid(79c72b6abaf30f3439a560186514abbc) Importer(815301076,1909f56bfc062723c751e8b465ee728b) (PreviewImporter) -> (artifact id: '6180d11be8a5c50bdc960883a9f7ad26') in 0.0214932 seconds
Number of updated asset objects reloaded before import = 0Number of asset objects unloaded after import = 3

========================================================================
Received Import Request.
  Time since last request: 0.000020 seconds.
  path: Assets/Sprites/Decorations/Wall_Tiles_211.asset
  artifactKey: Guid(9c21e1e5408bc87499f8d07998778b89) Importer(815301076,1909f56bfc062723c751e8b465ee728b)
Start importing Assets/Sprites/Decorations/Wall_Tiles_211.asset using Guid(9c21e1e5408bc87499f8d07998778b89) Importer(815301076,1909f56bfc062723c751e8b465ee728b) (PreviewImporter) -> (artifact id: '3fbb95ddcf361accc07f79af9427d683') in 0.0249065 seconds
Number of updated asset objects reloaded before import = 0Number of asset objects unloaded after import = 3

========================================================================
Received Import Request.
  Time since last request: 0.000020 seconds.
  path: Assets/Sprites/Decorations/Wall_Tiles_126.asset
  artifactKey: Guid(a742631762d22f94e87a8dee180171ef) Importer(815301076,1909f56bfc062723c751e8b465ee728b)
Start importing Assets/Sprites/Decorations/Wall_Tiles_126.asset using Guid(a742631762d22f94e87a8dee180171ef) Importer(815301076,1909f56bfc062723c751e8b465ee728b) (PreviewImporter) -> (artifact id: '8c6e8206fa52993501f12c1b2c813517') in 0.0079302 seconds
Number of updated asset objects reloaded before import = 0Number of asset objects unloaded after import = 3

========================================================================
Received Import Request.
  Time since last request: 0.000016 seconds.
  path: Assets/Sprites/Decorations/Wall_Tiles_194.asset
  artifactKey: Guid(b408d0c1d7d95694bbc7d629b4e171b9) Importer(815301076,1909f56bfc062723c751e8b465ee728b)
Start importing Assets/Sprites/Decorations/Wall_Tiles_194.asset using Guid(b408d0c1d7d95694bbc7d629b4e171b9) Importer(815301076,1909f56bfc062723c751e8b465ee728b) (PreviewImporter) -> (artifact id: '1b5c0f3a1d2f1414e9e513650b651b07') in 0.023556 seconds
Number of updated asset objects reloaded before import = 0Number of asset objects unloaded after import = 3

========================================================================
Received Import Request.
  Time since last request: 0.000017 seconds.
  path: Assets/Sprites/Decorations/Wall_Tiles_218.asset
  artifactKey: Guid(1fc624c63f811834f9edf6fb8cae6df8) Importer(815301076,1909f56bfc062723c751e8b465ee728b)
Start importing Assets/Sprites/Decorations/Wall_Tiles_218.asset using Guid(1fc624c63f811834f9edf6fb8cae6df8) Importer(815301076,1909f56bfc062723c751e8b465ee728b) (PreviewImporter) -> (artifact id: '02595e106ababc9a2dacc3b05e033920') in 0.0211759 seconds
Number of updated asset objects reloaded before import = 0Number of asset objects unloaded after import = 3

========================================================================
Received Import Request.
  Time since last request: 0.000020 seconds.
  path: Assets/Sprites/Decorations/Wall_Tiles_226.asset
  artifactKey: Guid(bb58389a4e835f64a950f5dace654954) Importer(815301076,1909f56bfc062723c751e8b465ee728b)
Start importing Assets/Sprites/Decorations/Wall_Tiles_226.asset using Guid(bb58389a4e835f64a950f5dace654954) Importer(815301076,1909f56bfc062723c751e8b465ee728b) (PreviewImporter) -> (artifact id: '120cbca6b2736ba63924f850289fc03e') in 0.0201624 seconds
Number of updated asset objects reloaded before import = 0Number of asset objects unloaded after import = 3

========================================================================
Received Import Request.
  Time since last request: 0.000034 seconds.
  path: Assets/Sprites/Decorations/Wall_Tiles_253.asset
  artifactKey: Guid(f7289691bbe29b949a3e690a03bed66a) Importer(815301076,1909f56bfc062723c751e8b465ee728b)
Start importing Assets/Sprites/Decorations/Wall_Tiles_253.asset using Guid(f7289691bbe29b949a3e690a03bed66a) Importer(815301076,1909f56bfc062723c751e8b465ee728b) (PreviewImporter) -> (artifact id: 'bce0ea52afe29562bd82f51c0b037280') in 0.0239322 seconds
Number of updated asset objects reloaded before import = 0Number of asset objects unloaded after import = 3

========================================================================
Received Import Request.
  Time since last request: 0.000015 seconds.
  path: Assets/Sprites/Decorations/Wall_Tiles_269.asset
  artifactKey: Guid(63be28ca1556f5f4191e100a5f43140e) Importer(815301076,1909f56bfc062723c751e8b465ee728b)
Start importing Assets/Sprites/Decorations/Wall_Tiles_269.asset using Guid(63be28ca1556f5f4191e100a5f43140e) Importer(815301076,1909f56bfc062723c751e8b465ee728b) (PreviewImporter) -> (artifact id: '443298f13177b0cdac53ea4b94b77f4c') in 0.0262147 seconds
Number of updated asset objects reloaded before import = 0Number of asset objects unloaded after import = 3

========================================================================
Received Import Request.
  Time since last request: 0.000015 seconds.
  path: Assets/Sprites/Decorations/Wall_Tiles_286.asset
  artifactKey: Guid(529a274313428384ba681d17ed71ae71) Importer(815301076,1909f56bfc062723c751e8b465ee728b)
Start importing Assets/Sprites/Decorations/Wall_Tiles_286.asset using Guid(529a274313428384ba681d17ed71ae71) Importer(815301076,1909f56bfc062723c751e8b465ee728b) (PreviewImporter) -> (artifact id: '324ea65a244e2c4651737af31f96f0b7') in 0.022287 seconds
Number of updated asset objects reloaded before import = 0Number of asset objects unloaded after import = 3

========================================================================
Received Import Request.
  Time since last request: 0.000016 seconds.
  path: Assets/Sprites/Decorations/Wall_Tiles_248.asset
  artifactKey: Guid(bb2f64cee5f6b414c9a136e2f8894111) Importer(815301076,1909f56bfc062723c751e8b465ee728b)
Start importing Assets/Sprites/Decorations/Wall_Tiles_248.asset using Guid(bb2f64cee5f6b414c9a136e2f8894111) Importer(815301076,1909f56bfc062723c751e8b465ee728b) (PreviewImporter) -> (artifact id: '8a497621dc90d585d885fd6cfa09f322') in 0.0296288 seconds
Number of updated asset objects reloaded before import = 0Number of asset objects unloaded after import = 3

========================================================================
Received Import Request.
  Time since last request: 0.000020 seconds.
  path: Assets/Sprites/Decorations/Wall_Tiles_277.asset
  artifactKey: Guid(ef1f07f7ac3ccfe4da26e79ba15ee882) Importer(815301076,1909f56bfc062723c751e8b465ee728b)
Start importing Assets/Sprites/Decorations/Wall_Tiles_277.asset using Guid(ef1f07f7ac3ccfe4da26e79ba15ee882) Importer(815301076,1909f56bfc062723c751e8b465ee728b) (PreviewImporter) -> (artifact id: '631fc32ae64ef2ee7d33c55338c8a5d1') in 0.0272564 seconds
Number of updated asset objects reloaded before import = 0Number of asset objects unloaded after import = 3

========================================================================
Received Import Request.
  Time since last request: 0.000027 seconds.
  path: Assets/Sprites/Decorations/Wall_Tiles_294.asset
  artifactKey: Guid(c4d543ad22ecfde4898f96c9f63eb9b9) Importer(815301076,1909f56bfc062723c751e8b465ee728b)
Start importing Assets/Sprites/Decorations/Wall_Tiles_294.asset using Guid(c4d543ad22ecfde4898f96c9f63eb9b9) Importer(815301076,1909f56bfc062723c751e8b465ee728b) (PreviewImporter) -> (artifact id: '4759bfb9510066329c2fc7b83d3af281') in 0.023333 seconds
Number of updated asset objects reloaded before import = 0Number of asset objects unloaded after import = 3

========================================================================
Received Import Request.
  Time since last request: 0.000017 seconds.
  path: Assets/Sprites/Decorations/Wall_Tiles_314.asset
  artifactKey: Guid(796e8ef8d09f50b4a952b9b0a477c843) Importer(815301076,1909f56bfc062723c751e8b465ee728b)
Start importing Assets/Sprites/Decorations/Wall_Tiles_314.asset using Guid(796e8ef8d09f50b4a952b9b0a477c843) Importer(815301076,1909f56bfc062723c751e8b465ee728b) (PreviewImporter) -> (artifact id: 'b4fb02801ef684acc7e748bf42fcc1b3') in 0.021561 seconds
Number of updated asset objects reloaded before import = 0Number of asset objects unloaded after import = 3

========================================================================
Received Import Request.
  Time since last request: 0.000016 seconds.
  path: Assets/Sprites/Decorations/Wall_Tiles_344.asset
  artifactKey: Guid(6cdb4824b74f83749ac70d3af205c0d1) Importer(815301076,1909f56bfc062723c751e8b465ee728b)
Start importing Assets/Sprites/Decorations/Wall_Tiles_344.asset using Guid(6cdb4824b74f83749ac70d3af205c0d1) Importer(815301076,1909f56bfc062723c751e8b465ee728b) (PreviewImporter) -> (artifact id: '1174e1057471d83f42d252a27bf8f309') in 0.022655 seconds
Number of updated asset objects reloaded before import = 0Number of asset objects unloaded after import = 3

========================================================================
Received Import Request.
  Time since last request: 0.000017 seconds.
  path: Assets/Sprites/Decorations/Wall_Tiles_319.asset
  artifactKey: Guid(5c3dbd0c88ca2a14ca4518d14411ae4d) Importer(815301076,1909f56bfc062723c751e8b465ee728b)
Start importing Assets/Sprites/Decorations/Wall_Tiles_319.asset using Guid(5c3dbd0c88ca2a14ca4518d14411ae4d) Importer(815301076,1909f56bfc062723c751e8b465ee728b) (PreviewImporter) -> (artifact id: 'd42d881b59d4ae89c868c6a3e8a10f91') in 0.0204291 seconds
Number of updated asset objects reloaded before import = 0Number of asset objects unloaded after import = 3

========================================================================
Received Import Request.
  Time since last request: 0.000018 seconds.
  path: Assets/Sprites/Decorations/Wall_Tiles_359.asset
  artifactKey: Guid(4e9ce3daa7c657441969a60876b8dde1) Importer(815301076,1909f56bfc062723c751e8b465ee728b)
Start importing Assets/Sprites/Decorations/Wall_Tiles_359.asset using Guid(4e9ce3daa7c657441969a60876b8dde1) Importer(815301076,1909f56bfc062723c751e8b465ee728b) (PreviewImporter) -> (artifact id: '0f7f66d085f7f1c8d6d5a3932b1dbf55') in 0.0217009 seconds
Number of updated asset objects reloaded before import = 0Number of asset objects unloaded after import = 3

========================================================================
Received Import Request.
  Time since last request: 0.000019 seconds.
  path: Assets/Sprites/Decorations/Wall_Tiles_293.asset
  artifactKey: Guid(4a635b15a6c3f284481ae4c3d6585e1a) Importer(815301076,1909f56bfc062723c751e8b465ee728b)
Start importing Assets/Sprites/Decorations/Wall_Tiles_293.asset using Guid(4a635b15a6c3f284481ae4c3d6585e1a) Importer(815301076,1909f56bfc062723c751e8b465ee728b) (PreviewImporter) -> (artifact id: 'e288b7edd16a3a92684fb228474a0d1d') in 0.0225894 seconds
Number of updated asset objects reloaded before import = 0Number of asset objects unloaded after import = 3

========================================================================
Received Import Request.
  Time since last request: 0.000025 seconds.
  path: Assets/Sprites/Decorations/Wall_Tiles_377.asset
  artifactKey: Guid(96fbb2855aa5d3140abef76860406bcf) Importer(815301076,1909f56bfc062723c751e8b465ee728b)
Start importing Assets/Sprites/Decorations/Wall_Tiles_377.asset using Guid(96fbb2855aa5d3140abef76860406bcf) Importer(815301076,1909f56bfc062723c751e8b465ee728b) (PreviewImporter) -> (artifact id: '62a646fcaeef0ca6a384063745919e35') in 0.022437 seconds
Number of updated asset objects reloaded before import = 0Number of asset objects unloaded after import = 3

========================================================================
Received Import Request.
  Time since last request: 0.000025 seconds.
  path: Assets/Sprites/Decorations/Wall_Tiles_387.asset
  artifactKey: Guid(1d8cea7f910531349854e7fd294b8c10) Importer(815301076,1909f56bfc062723c751e8b465ee728b)
Start importing Assets/Sprites/Decorations/Wall_Tiles_387.asset using Guid(1d8cea7f910531349854e7fd294b8c10) Importer(815301076,1909f56bfc062723c751e8b465ee728b) (PreviewImporter) -> (artifact id: 'bd16f43ba5302e56e885c20f9aaf2394') in 0.0072995 seconds
Number of updated asset objects reloaded before import = 0Number of asset objects unloaded after import = 3

========================================================================
Received Import Request.
  Time since last request: 0.000015 seconds.
  path: Assets/Sprites/Decorations/Wall_Tiles_363.asset
  artifactKey: Guid(b4b836ee7256ba749b7b54e80a8bfa0f) Importer(815301076,1909f56bfc062723c751e8b465ee728b)
Start importing Assets/Sprites/Decorations/Wall_Tiles_363.asset using Guid(b4b836ee7256ba749b7b54e80a8bfa0f) Importer(815301076,1909f56bfc062723c751e8b465ee728b) (PreviewImporter) -> (artifact id: 'bcebbc2ece2de933770e0c797cb1bd84') in 0.006646 seconds
Number of updated asset objects reloaded before import = 0Number of asset objects unloaded after import = 3

========================================================================
Received Import Request.
  Time since last request: 0.000016 seconds.
  path: Assets/Sprites/Decorations/Wall_Tiles_405.asset
  artifactKey: Guid(365463784ed54f84e9ba3bd7f47ae79b) Importer(815301076,1909f56bfc062723c751e8b465ee728b)
Start importing Assets/Sprites/Decorations/Wall_Tiles_405.asset using Guid(365463784ed54f84e9ba3bd7f47ae79b) Importer(815301076,1909f56bfc062723c751e8b465ee728b) (PreviewImporter) -> (artifact id: '25de1e241a31da66921c3419439a4b64') in 0.0222189 seconds
Number of updated asset objects reloaded before import = 0Number of asset objects unloaded after import = 3

========================================================================
Received Import Request.
  Time since last request: 0.000023 seconds.
  path: Assets/Sprites/Decorations/Wall_Tiles_328.asset
  artifactKey: Guid(02e994879adff4d49bfa96359a67550d) Importer(815301076,1909f56bfc062723c751e8b465ee728b)
Start importing Assets/Sprites/Decorations/Wall_Tiles_328.asset using Guid(02e994879adff4d49bfa96359a67550d) Importer(815301076,1909f56bfc062723c751e8b465ee728b) (PreviewImporter) -> (artifact id: '3987d60f99168fd37cb5a8dbd23e703f') in 0.0232057 seconds
Number of updated asset objects reloaded before import = 0Number of asset objects unloaded after import = 3

========================================================================
Received Import Request.
  Time since last request: 0.000022 seconds.
  path: Assets/Sprites/Decorations/Wall_Tiles_165.asset
  artifactKey: Guid(0bbf826d9bff2694eb9aa3fc0acef349) Importer(815301076,1909f56bfc062723c751e8b465ee728b)
Start importing Assets/Sprites/Decorations/Wall_Tiles_165.asset using Guid(0bbf826d9bff2694eb9aa3fc0acef349) Importer(815301076,1909f56bfc062723c751e8b465ee728b) (PreviewImporter) -> (artifact id: '1d6d3e8b0de1450bafa016bfd75bfb88') in 0.022098 seconds
Number of updated asset objects reloaded before import = 0Number of asset objects unloaded after import = 3

========================================================================
Received Import Request.
  Time since last request: 0.000032 seconds.
  path: Assets/Sprites/Decorations/Wall_Tiles_225.asset
  artifactKey: Guid(c0745825dafdbac468ad83962e1e8c54) Importer(815301076,1909f56bfc062723c751e8b465ee728b)
Start importing Assets/Sprites/Decorations/Wall_Tiles_225.asset using Guid(c0745825dafdbac468ad83962e1e8c54) Importer(815301076,1909f56bfc062723c751e8b465ee728b) (PreviewImporter) -> (artifact id: 'f3e4e7973de732abbb0a544f1eccc98e') in 0.0228221 seconds
Number of updated asset objects reloaded before import = 0Number of asset objects unloaded after import = 3

========================================================================
Received Import Request.
  Time since last request: 0.000023 seconds.
  path: Assets/Sprites/Decorations/Wall_Tiles_239.asset
  artifactKey: Guid(ec091473c43b80044925b570ba3a74ea) Importer(815301076,1909f56bfc062723c751e8b465ee728b)
Start importing Assets/Sprites/Decorations/Wall_Tiles_239.asset using Guid(ec091473c43b80044925b570ba3a74ea) Importer(815301076,1909f56bfc062723c751e8b465ee728b) (PreviewImporter) -> (artifact id: '74a4115ecad3665fc4c9d3e2d46d6627') in 0.0076966 seconds
Number of updated asset objects reloaded before import = 0Number of asset objects unloaded after import = 3

========================================================================
Received Import Request.
  Time since last request: 0.000021 seconds.
  path: Assets/Sprites/Decorations/Wall_Tiles_374.asset
  artifactKey: Guid(a3f87ecffe0d955478247e6644b8e35d) Importer(815301076,1909f56bfc062723c751e8b465ee728b)
Start importing Assets/Sprites/Decorations/Wall_Tiles_374.asset using Guid(a3f87ecffe0d955478247e6644b8e35d) Importer(815301076,1909f56bfc062723c751e8b465ee728b) (PreviewImporter) -> (artifact id: 'eda076b15c55344e1ff232fc699bbddd') in 0.0088101 seconds
Number of updated asset objects reloaded before import = 0Number of asset objects unloaded after import = 3

========================================================================
Received Import Request.
  Time since last request: 0.000017 seconds.
  path: Assets/Sprites/Decorations/Wall_Tiles_367.asset
  artifactKey: Guid(16f18694fff3a8b438686bdd6933f69c) Importer(815301076,1909f56bfc062723c751e8b465ee728b)
Start importing Assets/Sprites/Decorations/Wall_Tiles_367.asset using Guid(16f18694fff3a8b438686bdd6933f69c) Importer(815301076,1909f56bfc062723c751e8b465ee728b) (PreviewImporter) -> (artifact id: 'fea02c0f70fc03272a73b556cdeb2390') in 0.0075038 seconds
Number of updated asset objects reloaded before import = 0Number of asset objects unloaded after import = 3

========================================================================
Received Import Request.
  Time since last request: 0.000035 seconds.
  path: Assets/Sprites/Decorations/Wall_Tiles_203.asset
  artifactKey: Guid(29d3c7d576278b345807d315e459ae04) Importer(815301076,1909f56bfc062723c751e8b465ee728b)
Start importing Assets/Sprites/Decorations/Wall_Tiles_203.asset using Guid(29d3c7d576278b345807d315e459ae04) Importer(815301076,1909f56bfc062723c751e8b465ee728b) (PreviewImporter) -> (artifact id: 'df980a2c8d095d13544ccd5f9969f45c') in 0.0232096 seconds
Number of updated asset objects reloaded before import = 0Number of asset objects unloaded after import = 3

========================================================================
Received Import Request.
  Time since last request: 0.000018 seconds.
  path: Assets/Sprites/Decorations/Wall_Tiles_101.asset
  artifactKey: Guid(03c9d9acd41edd2419a5912e40524c58) Importer(815301076,1909f56bfc062723c751e8b465ee728b)
Start importing Assets/Sprites/Decorations/Wall_Tiles_101.asset using Guid(03c9d9acd41edd2419a5912e40524c58) Importer(815301076,1909f56bfc062723c751e8b465ee728b) (PreviewImporter) -> (artifact id: '83da21777991c1be15784774d7c04490') in 0.0255555 seconds
Number of updated asset objects reloaded before import = 0Number of asset objects unloaded after import = 3

========================================================================
Received Import Request.
  Time since last request: 0.000031 seconds.
  path: Assets/Sprites/Decorations/Wall_Tiles_355.asset
  artifactKey: Guid(2fd0ea157adbb87409872350d132d211) Importer(815301076,1909f56bfc062723c751e8b465ee728b)
Start importing Assets/Sprites/Decorations/Wall_Tiles_355.asset using Guid(2fd0ea157adbb87409872350d132d211) Importer(815301076,1909f56bfc062723c751e8b465ee728b) (PreviewImporter) -> (artifact id: '537d1080f2f0b3dd47164c4301abf47a') in 0.0089406 seconds
Number of updated asset objects reloaded before import = 0Number of asset objects unloaded after import = 3

========================================================================
Received Import Request.
  Time since last request: 0.000018 seconds.
  path: Assets/Sprites/Decorations/Wall_Tiles_278.asset
  artifactKey: Guid(58d2cb25d79c4804eb520b8a0343a198) Importer(815301076,1909f56bfc062723c751e8b465ee728b)
Start importing Assets/Sprites/Decorations/Wall_Tiles_278.asset using Guid(58d2cb25d79c4804eb520b8a0343a198) Importer(815301076,1909f56bfc062723c751e8b465ee728b) (PreviewImporter) -> (artifact id: '06aa0f7544811d2586b5457a96f8c7a6') in 0.0070329 seconds
Number of updated asset objects reloaded before import = 0Number of asset objects unloaded after import = 3

========================================================================
Received Import Request.
  Time since last request: 0.000015 seconds.
  path: Assets/Sprites/Decorations/Wall_Tiles_388.asset
  artifactKey: Guid(9761fe0adfd84c5458316a7eec04ccd3) Importer(815301076,1909f56bfc062723c751e8b465ee728b)
Start importing Assets/Sprites/Decorations/Wall_Tiles_388.asset using Guid(9761fe0adfd84c5458316a7eec04ccd3) Importer(815301076,1909f56bfc062723c751e8b465ee728b) (PreviewImporter) -> (artifact id: '7b2b7ed53c2e12584ae074fb4fb88c38') in 0.0226297 seconds
Number of updated asset objects reloaded before import = 0Number of asset objects unloaded after import = 3

========================================================================
Received Import Request.
  Time since last request: 0.000016 seconds.
  path: Assets/Sprites/Decorations/Wall_Tiles_86.asset
  artifactKey: Guid(0e51466678c8d104e87a9a6f74a6d5f6) Importer(815301076,1909f56bfc062723c751e8b465ee728b)
Start importing Assets/Sprites/Decorations/Wall_Tiles_86.asset using Guid(0e51466678c8d104e87a9a6f74a6d5f6) Importer(815301076,1909f56bfc062723c751e8b465ee728b) (PreviewImporter) -> (artifact id: '7e95a02237d52cab5e697cb2eed6c777') in 0.0242098 seconds
Number of updated asset objects reloaded before import = 0Number of asset objects unloaded after import = 3

========================================================================
Received Import Request.
  Time since last request: 0.000022 seconds.
  path: Assets/Sprites/Decorations/walls.prefab
  artifactKey: Guid(58b1de778da394e4783b38f2f9dbb032) Importer(815301076,1909f56bfc062723c751e8b465ee728b)
Start importing Assets/Sprites/Decorations/walls.prefab using Guid(58b1de778da394e4783b38f2f9dbb032) Importer(815301076,1909f56bfc062723c751e8b465ee728b) (PreviewImporter) -> (artifact id: '5818608f91387aa1a62f7087d9f1bfca') in 0.7513537 seconds
Number of updated asset objects reloaded before import = 0Number of asset objects unloaded after import = 828

========================================================================
Received Import Request.
  Time since last request: 0.000047 seconds.
  path: Assets/Sprites/Decorations/Wall_Tiles_326.asset
  artifactKey: Guid(028ee395b2cf7b34485f94c2e3c0d8d4) Importer(815301076,1909f56bfc062723c751e8b465ee728b)
Start importing Assets/Sprites/Decorations/Wall_Tiles_326.asset using Guid(028ee395b2cf7b34485f94c2e3c0d8d4) Importer(815301076,1909f56bfc062723c751e8b465ee728b) (PreviewImporter) -> (artifact id: '3378856bc0ce5bf50abe2499bec98fd9') in 0.0105867 seconds
Number of updated asset objects reloaded before import = 0Number of asset objects unloaded after import = 3

========================================================================
Received Import Request.
  Time since last request: 0.000037 seconds.
  path: Assets/Sprites/Decorations/Wall_Tiles_340.asset
  artifactKey: Guid(bb549c8d5f2f5ca4b90220b39f5919da) Importer(815301076,1909f56bfc062723c751e8b465ee728b)
Start importing Assets/Sprites/Decorations/Wall_Tiles_340.asset using Guid(bb549c8d5f2f5ca4b90220b39f5919da) Importer(815301076,1909f56bfc062723c751e8b465ee728b) (PreviewImporter) -> (artifact id: '0eb15dfe3dfbc1879328387861565f3c') in 0.0242609 seconds
Number of updated asset objects reloaded before import = 0Number of asset objects unloaded after import = 3

========================================================================
Received Import Request.
  Time since last request: 0.000025 seconds.
  path: Assets/Sprites/Decorations/Wall_Tiles_392.asset
  artifactKey: Guid(965a308308d377a45b68f6eb74737358) Importer(815301076,1909f56bfc062723c751e8b465ee728b)
Start importing Assets/Sprites/Decorations/Wall_Tiles_392.asset using Guid(965a308308d377a45b68f6eb74737358) Importer(815301076,1909f56bfc062723c751e8b465ee728b) (PreviewImporter) -> (artifact id: 'a59b68f0dad9c99c3b8bf98ac507ca4a') in 0.0085834 seconds
Number of updated asset objects reloaded before import = 0Number of asset objects unloaded after import = 3

========================================================================
Received Import Request.
  Time since last request: 0.000023 seconds.
  path: Assets/Sprites/Decorations/Wall_Tiles_273.asset
  artifactKey: Guid(436d8458810d4644cb2f66931928105e) Importer(815301076,1909f56bfc062723c751e8b465ee728b)
Start importing Assets/Sprites/Decorations/Wall_Tiles_273.asset using Guid(436d8458810d4644cb2f66931928105e) Importer(815301076,1909f56bfc062723c751e8b465ee728b) (PreviewImporter) -> (artifact id: '9313a473285d01bab27c02767dae0221') in 0.0104813 seconds
Number of updated asset objects reloaded before import = 0Number of asset objects unloaded after import = 3

========================================================================
Received Import Request.
  Time since last request: 0.000032 seconds.
  path: Assets/Sprites/Decorations/Wall_Tiles_228.asset
  artifactKey: Guid(fa5348b50b65e38449bc8a66d0c7b99d) Importer(815301076,1909f56bfc062723c751e8b465ee728b)
Start importing Assets/Sprites/Decorations/Wall_Tiles_228.asset using Guid(fa5348b50b65e38449bc8a66d0c7b99d) Importer(815301076,1909f56bfc062723c751e8b465ee728b) (PreviewImporter) -> (artifact id: '7bc2eedb49707b77755223b6b788b031') in 0.0266657 seconds
Number of updated asset objects reloaded before import = 0Number of asset objects unloaded after import = 3

========================================================================
Received Import Request.
  Time since last request: 0.000026 seconds.
  path: Assets/Sprites/Decorations/Wall_Tiles_79.asset
  artifactKey: Guid(de2fb3631584d464fa584fc8b638f2eb) Importer(815301076,1909f56bfc062723c751e8b465ee728b)
Start importing Assets/Sprites/Decorations/Wall_Tiles_79.asset using Guid(de2fb3631584d464fa584fc8b638f2eb) Importer(815301076,1909f56bfc062723c751e8b465ee728b) (PreviewImporter) -> (artifact id: 'd25c441b1852b4b9e1079fa230281cc5') in 0.0243991 seconds
Number of updated asset objects reloaded before import = 0Number of asset objects unloaded after import = 3

========================================================================
Received Import Request.
  Time since last request: 0.000027 seconds.
  path: Assets/Sprites/Decorations/Wall_Tiles_317.asset
  artifactKey: Guid(8769631bb4f597d4ea26b42ff915b8f2) Importer(815301076,1909f56bfc062723c751e8b465ee728b)
Start importing Assets/Sprites/Decorations/Wall_Tiles_317.asset using Guid(8769631bb4f597d4ea26b42ff915b8f2) Importer(815301076,1909f56bfc062723c751e8b465ee728b) (PreviewImporter) -> (artifact id: '164dcf397191fdb6bbd9562fa5726d54') in 0.0236316 seconds
Number of updated asset objects reloaded before import = 0Number of asset objects unloaded after import = 3

========================================================================
Received Import Request.
  Time since last request: 0.000037 seconds.
  path: Assets/Sprites/Decorations/Wall_Tiles_403.asset
  artifactKey: Guid(88404960be608484781cf6093783d86a) Importer(815301076,1909f56bfc062723c751e8b465ee728b)
Start importing Assets/Sprites/Decorations/Wall_Tiles_403.asset using Guid(88404960be608484781cf6093783d86a) Importer(815301076,1909f56bfc062723c751e8b465ee728b) (PreviewImporter) -> (artifact id: '5b63d3403f40ef21fe60b69777194630') in 0.024416 seconds
Number of updated asset objects reloaded before import = 0Number of asset objects unloaded after import = 3

========================================================================
Received Import Request.
  Time since last request: 0.000030 seconds.
  path: Assets/Sprites/Decorations/Wall_Tiles_236.asset
  artifactKey: Guid(30c99806b04422542ac141e6b14a2a7b) Importer(815301076,1909f56bfc062723c751e8b465ee728b)
Start importing Assets/Sprites/Decorations/Wall_Tiles_236.asset using Guid(30c99806b04422542ac141e6b14a2a7b) Importer(815301076,1909f56bfc062723c751e8b465ee728b) (PreviewImporter) -> (artifact id: 'c88c9595395f6ee9fac13c1e47abe8ba') in 0.0079302 seconds
Number of updated asset objects reloaded before import = 0Number of asset objects unloaded after import = 3

========================================================================
Received Import Request.
  Time since last request: 0.000026 seconds.
  path: Assets/Sprites/Decorations/Wall_Tiles_187.asset
  artifactKey: Guid(cf1262c78ab21b24ab2eb97064f10a40) Importer(815301076,1909f56bfc062723c751e8b465ee728b)
Start importing Assets/Sprites/Decorations/Wall_Tiles_187.asset using Guid(cf1262c78ab21b24ab2eb97064f10a40) Importer(815301076,1909f56bfc062723c751e8b465ee728b) (PreviewImporter) -> (artifact id: '04566abc6fef04771c6c98c34c701b80') in 0.0064467 seconds
Number of updated asset objects reloaded before import = 0Number of asset objects unloaded after import = 3

========================================================================
Received Import Request.
  Time since last request: 0.000031 seconds.
  path: Assets/Sprites/Decorations/Wall_Tiles_231.asset
  artifactKey: Guid(5f2ded4fd541af64b9d25e1a2a4faf69) Importer(815301076,1909f56bfc062723c751e8b465ee728b)
Start importing Assets/Sprites/Decorations/Wall_Tiles_231.asset using Guid(5f2ded4fd541af64b9d25e1a2a4faf69) Importer(815301076,1909f56bfc062723c751e8b465ee728b) (PreviewImporter) -> (artifact id: '41318be5e76f2e9645332514aff8457c') in 0.0083547 seconds
Number of updated asset objects reloaded before import = 0Number of asset objects unloaded after import = 3

========================================================================
Received Import Request.
  Time since last request: 0.000029 seconds.
  path: Assets/Sprites/Decorations/Wall_Tiles_324.asset
  artifactKey: Guid(5175864a01b37f54da43149487fd4683) Importer(815301076,1909f56bfc062723c751e8b465ee728b)
Start importing Assets/Sprites/Decorations/Wall_Tiles_324.asset using Guid(5175864a01b37f54da43149487fd4683) Importer(815301076,1909f56bfc062723c751e8b465ee728b) (PreviewImporter) -> (artifact id: '452b4811d3480dbb7cd48a3be366d209') in 0.0076498 seconds
Number of updated asset objects reloaded before import = 0Number of asset objects unloaded after import = 3

========================================================================
Received Import Request.
  Time since last request: 0.000025 seconds.
  path: Assets/Sprites/Decorations/Wall_Tiles_404.asset
  artifactKey: Guid(443cc3a31ba6ad242bf326dad4d13ebc) Importer(815301076,1909f56bfc062723c751e8b465ee728b)
Start importing Assets/Sprites/Decorations/Wall_Tiles_404.asset using Guid(443cc3a31ba6ad242bf326dad4d13ebc) Importer(815301076,1909f56bfc062723c751e8b465ee728b) (PreviewImporter) -> (artifact id: '96ff49fc371293c37f8cdeb907cada5e') in 0.0224959 seconds
Number of updated asset objects reloaded before import = 0Number of asset objects unloaded after import = 3

========================================================================
Received Import Request.
  Time since last request: 0.000028 seconds.
  path: Assets/Sprites/Decorations/Wall_Tiles_233.asset
  artifactKey: Guid(01aed23bde359b048b9530659700a53e) Importer(815301076,1909f56bfc062723c751e8b465ee728b)
Start importing Assets/Sprites/Decorations/Wall_Tiles_233.asset using Guid(01aed23bde359b048b9530659700a53e) Importer(815301076,1909f56bfc062723c751e8b465ee728b) (PreviewImporter) -> (artifact id: '92872cb69293fe1ebd51202fec55153e') in 0.0066434 seconds
Number of updated asset objects reloaded before import = 0Number of asset objects unloaded after import = 3

========================================================================
Received Import Request.
  Time since last request: 0.000050 seconds.
  path: Assets/Sprites/Decorations/Wall_Tiles_346.asset
  artifactKey: Guid(ab734d44a7f79f1408283393b7bfe81b) Importer(815301076,1909f56bfc062723c751e8b465ee728b)
Start importing Assets/Sprites/Decorations/Wall_Tiles_346.asset using Guid(ab734d44a7f79f1408283393b7bfe81b) Importer(815301076,1909f56bfc062723c751e8b465ee728b) (PreviewImporter) -> (artifact id: '32f667f3cae184b440d186b7891d6a39') in 0.0082065 seconds
Number of updated asset objects reloaded before import = 0Number of asset objects unloaded after import = 3

========================================================================
Received Import Request.
  Time since last request: 0.000026 seconds.
  path: Assets/Sprites/Decorations/Wall_Tiles_197.asset
  artifactKey: Guid(89faf83d844bc764cb1536b1645e9cce) Importer(815301076,1909f56bfc062723c751e8b465ee728b)
Start importing Assets/Sprites/Decorations/Wall_Tiles_197.asset using Guid(89faf83d844bc764cb1536b1645e9cce) Importer(815301076,1909f56bfc062723c751e8b465ee728b) (PreviewImporter) -> (artifact id: 'e571eb3e0527381dfe43f862691ccb93') in 0.0074998 seconds
Number of updated asset objects reloaded before import = 0Number of asset objects unloaded after import = 3

========================================================================
Received Import Request.
  Time since last request: 0.000024 seconds.
  path: Assets/Sprites/Decorations/Wall_Tiles_402.asset
  artifactKey: Guid(932b39e4ebc412744bfb32c36b3bbfe6) Importer(815301076,1909f56bfc062723c751e8b465ee728b)
Start importing Assets/Sprites/Decorations/Wall_Tiles_402.asset using Guid(932b39e4ebc412744bfb32c36b3bbfe6) Importer(815301076,1909f56bfc062723c751e8b465ee728b) (PreviewImporter) -> (artifact id: 'a6cc895f1fbf00592b6df4f38164c953') in 0.0071418 seconds
Number of updated asset objects reloaded before import = 0Number of asset objects unloaded after import = 3

========================================================================
Received Import Request.
  Time since last request: 0.000026 seconds.
  path: Assets/Sprites/Decorations/Wall_Tiles_284.asset
  artifactKey: Guid(720c8ffae8445f34ebb12ef1e9195909) Importer(815301076,1909f56bfc062723c751e8b465ee728b)
Start importing Assets/Sprites/Decorations/Wall_Tiles_284.asset using Guid(720c8ffae8445f34ebb12ef1e9195909) Importer(815301076,1909f56bfc062723c751e8b465ee728b) (PreviewImporter) -> (artifact id: 'c312be453286d18e5420c78f228a5852') in 0.0064172 seconds
Number of updated asset objects reloaded before import = 0Number of asset objects unloaded after import = 3

========================================================================
Received Import Request.
  Time since last request: 0.000038 seconds.
  path: Assets/Sprites/Decorations/Wall_Tiles_98.asset
  artifactKey: Guid(d3e1d4f2748a8e54faf2fc65959f3db0) Importer(815301076,1909f56bfc062723c751e8b465ee728b)
Start importing Assets/Sprites/Decorations/Wall_Tiles_98.asset using Guid(d3e1d4f2748a8e54faf2fc65959f3db0) Importer(815301076,1909f56bfc062723c751e8b465ee728b) (PreviewImporter) -> (artifact id: '0472ade599916142693d0922de535fd9') in 0.0372232 seconds
Number of updated asset objects reloaded before import = 0Number of asset objects unloaded after import = 3

========================================================================
Received Import Request.
  Time since last request: 0.000028 seconds.
  path: Assets/Sprites/Decorations/Wall_Tiles_246.asset
  artifactKey: Guid(399d5c8f6339c794db23fbd91bda20cd) Importer(815301076,1909f56bfc062723c751e8b465ee728b)
Start importing Assets/Sprites/Decorations/Wall_Tiles_246.asset using Guid(399d5c8f6339c794db23fbd91bda20cd) Importer(815301076,1909f56bfc062723c751e8b465ee728b) (PreviewImporter) -> (artifact id: '14add00c54b7df077a63292796ebd3fe') in 0.0078556 seconds
Number of updated asset objects reloaded before import = 0Number of asset objects unloaded after import = 3

========================================================================
Received Import Request.
  Time since last request: 0.000038 seconds.
  path: Assets/Sprites/Decorations/Wall_Tiles_265.asset
  artifactKey: Guid(8a371d0f755f029499a23d95058264eb) Importer(815301076,1909f56bfc062723c751e8b465ee728b)
Start importing Assets/Sprites/Decorations/Wall_Tiles_265.asset using Guid(8a371d0f755f029499a23d95058264eb) Importer(815301076,1909f56bfc062723c751e8b465ee728b) (PreviewImporter) -> (artifact id: '6bcb6cb133bf527e23b6e5ed0d1e2bfd') in 0.0085305 seconds
Number of updated asset objects reloaded before import = 0Number of asset objects unloaded after import = 3

========================================================================
Received Import Request.
  Time since last request: 0.000027 seconds.
  path: Assets/Sprites/Decorations/Wall_Tiles_186.asset
  artifactKey: Guid(a7db31e4c4649ac4197ede975fcf622f) Importer(815301076,1909f56bfc062723c751e8b465ee728b)
Start importing Assets/Sprites/Decorations/Wall_Tiles_186.asset using Guid(a7db31e4c4649ac4197ede975fcf622f) Importer(815301076,1909f56bfc062723c751e8b465ee728b) (PreviewImporter) -> (artifact id: '9f506d82a24022aa951c65fb50f5cdcb') in 0.0248225 seconds
Number of updated asset objects reloaded before import = 0Number of asset objects unloaded after import = 3

========================================================================
Received Import Request.
  Time since last request: 0.000025 seconds.
  path: Assets/Sprites/Decorations/Wall_Tiles_397.asset
  artifactKey: Guid(c4f1b4adfaea68f49bb07e87a12d47ca) Importer(815301076,1909f56bfc062723c751e8b465ee728b)
Start importing Assets/Sprites/Decorations/Wall_Tiles_397.asset using Guid(c4f1b4adfaea68f49bb07e87a12d47ca) Importer(815301076,1909f56bfc062723c751e8b465ee728b) (PreviewImporter) -> (artifact id: '14bd12f5d6c96fd8068abe2f911ab438') in 0.0069122 seconds
Number of updated asset objects reloaded before import = 0Number of asset objects unloaded after import = 3

========================================================================
Received Import Request.
  Time since last request: 0.000033 seconds.
  path: Assets/Sprites/Decorations/Wall_Tiles_172.asset
  artifactKey: Guid(39fad90b7381385488a5a27ad336a55b) Importer(815301076,1909f56bfc062723c751e8b465ee728b)
Start importing Assets/Sprites/Decorations/Wall_Tiles_172.asset using Guid(39fad90b7381385488a5a27ad336a55b) Importer(815301076,1909f56bfc062723c751e8b465ee728b) (PreviewImporter) -> (artifact id: '81f960339a98f7d616c84b77a17b5469') in 0.0241407 seconds
Number of updated asset objects reloaded before import = 0Number of asset objects unloaded after import = 3

========================================================================
Received Import Request.
  Time since last request: 0.000041 seconds.
  path: Assets/Sprites/Decorations/Wall_Tiles_372.asset
  artifactKey: Guid(688948b3e8237804c935787d17269282) Importer(815301076,1909f56bfc062723c751e8b465ee728b)
Start importing Assets/Sprites/Decorations/Wall_Tiles_372.asset using Guid(688948b3e8237804c935787d17269282) Importer(815301076,1909f56bfc062723c751e8b465ee728b) (PreviewImporter) -> (artifact id: 'dfa760b73a55e4bb420d181eec1594a8') in 0.0074975 seconds
Number of updated asset objects reloaded before import = 0Number of asset objects unloaded after import = 3

========================================================================
Received Import Request.
  Time since last request: 0.000028 seconds.
  path: Assets/Sprites/Decorations/Wall_Tiles_300.asset
  artifactKey: Guid(988b4107250b95641b32a95d9e06dfad) Importer(815301076,1909f56bfc062723c751e8b465ee728b)
Start importing Assets/Sprites/Decorations/Wall_Tiles_300.asset using Guid(988b4107250b95641b32a95d9e06dfad) Importer(815301076,1909f56bfc062723c751e8b465ee728b) (PreviewImporter) -> (artifact id: '52f79988be9dd0ded8e9a8f2cc7d8cb4') in 0.0227643 seconds
Number of updated asset objects reloaded before import = 0Number of asset objects unloaded after import = 3

========================================================================
Received Import Request.
  Time since last request: 0.000041 seconds.
  path: Assets/Sprites/Decorations/Wall_Tiles_298.asset
  artifactKey: Guid(b8a150eee4b6623408bf81ea460dad57) Importer(815301076,1909f56bfc062723c751e8b465ee728b)
Start importing Assets/Sprites/Decorations/Wall_Tiles_298.asset using Guid(b8a150eee4b6623408bf81ea460dad57) Importer(815301076,1909f56bfc062723c751e8b465ee728b) (PreviewImporter) -> (artifact id: 'a29553874ea5ee64137bb41ab1a27eab') in 0.0079057 seconds
Number of updated asset objects reloaded before import = 0Number of asset objects unloaded after import = 3

========================================================================
Received Import Request.
  Time since last request: 0.000034 seconds.
  path: Assets/Sprites/Decorations/Wall_Tiles_280.asset
  artifactKey: Guid(681f127fb4a9a094ba770158705ef15a) Importer(815301076,1909f56bfc062723c751e8b465ee728b)
Start importing Assets/Sprites/Decorations/Wall_Tiles_280.asset using Guid(681f127fb4a9a094ba770158705ef15a) Importer(815301076,1909f56bfc062723c751e8b465ee728b) (PreviewImporter) -> (artifact id: 'f084fb373285182bae84e122f0c893d1') in 0.0073324 seconds
Number of updated asset objects reloaded before import = 0Number of asset objects unloaded after import = 3

========================================================================
Received Import Request.
  Time since last request: 0.000033 seconds.
  path: Assets/Sprites/Decorations/Wall_Tiles_260.asset
  artifactKey: Guid(7bdf081f69515cb4eb6c51c3d3512624) Importer(815301076,1909f56bfc062723c751e8b465ee728b)
Start importing Assets/Sprites/Decorations/Wall_Tiles_260.asset using Guid(7bdf081f69515cb4eb6c51c3d3512624) Importer(815301076,1909f56bfc062723c751e8b465ee728b) (PreviewImporter) -> (artifact id: '1fe3aed1744acd2a263fb1724c7da5e7') in 0.0076708 seconds
Number of updated asset objects reloaded before import = 0Number of asset objects unloaded after import = 3

Editor requested this worker to shutdown with reason: Scaling down because of idle timeout
AssetImportWorkerClient::OnTransportError - code=2 error=End of file
AssetImportWorker is now disconnected from the server
Process exiting
Exiting without the bug reporter. Application will terminate with return code 0